2018-05-23 21:55:25,203 [Thread-3:160] [django.request:93] [base:get_response] [WARNING]- Not Found: /images/a1.jpg
2018-05-23 21:55:26,773 [Thread-4:6732] [django.request:93] [base:get_response] [WARNING]- Not Found: /images/a2.jpg
2018-05-23 21:55:26,774 [Thread-5:7056] [django.request:93] [base:get_response] [WARNING]- Not Found: /images/a3.jpg
2018-05-23 21:55:26,778 [Thread-6:732] [django.request:93] [base:get_response] [WARNING]- Not Found: /images/a4.jpg
2018-05-23 22:51:14,985 [Thread-9:3684] [django.request:93] [base:get_response] [WARNING]- Not Found: /images/a1.jpg
2018-05-23 22:51:16,172 [Thread-10:6364] [django.request:93] [base:get_response] [WARNING]- Not Found: /images/a2.jpg
2018-05-23 22:51:16,173 [Thread-11:5308] [django.request:93] [base:get_response] [WARNING]- Not Found: /images/a3.jpg
2018-05-23 22:51:16,175 [Thread-12:8120] [django.request:93] [base:get_response] [WARNING]- Not Found: /images/a4.jpg
2018-05-23 22:51:18,103 [Thread-14:7364] [django.request:93] [base:get_response] [WARNING]- Not Found: /images/a1.jpg
2018-05-23 22:51:18,417 [Thread-15:6148] [django.request:93] [base:get_response] [WARNING]- Not Found: /images/a2.jpg
2018-05-23 22:51:18,581 [Thread-16:5560] [django.request:93] [base:get_response] [WARNING]- Not Found: /images/a3.jpg
2018-05-23 22:51:18,619 [Thread-17:3940] [django.request:93] [base:get_response] [WARNING]- Not Found: /images/a4.jpg
2018-05-24 21:58:09,944 [Thread-8:5980] [django.request:93] [base:get_response] [WARNING]- Not Found: /images/a2.jpg
2018-05-24 21:58:10,023 [Thread-9:6724] [django.request:93] [base:get_response] [WARNING]- Not Found: /images/a3.jpg
2018-05-24 21:58:10,027 [Thread-10:5092] [django.request:93] [base:get_response] [WARNING]- Not Found: /images/a4.jpg
2018-05-24 21:58:10,403 [Thread-17:6236] [django.request:93] [base:get_response] [WARNING]- Not Found: /images/a1.jpg
2018-05-24 21:58:10,774 [Thread-25:4832] [django.request:93] [base:get_response] [WARNING]- Not Found: /favicon.ico
2018-05-24 21:59:43,397 [Thread-31:5956] [django.request:93] [base:get_response] [WARNING]- Not Found: /images/a1.jpg
2018-05-24 21:59:43,630 [Thread-32:4304] [django.request:93] [base:get_response] [WARNING]- Not Found: /images/a2.jpg
2018-05-24 21:59:43,633 [Thread-33:2496] [django.request:93] [base:get_response] [WARNING]- Not Found: /images/a3.jpg
2018-05-24 21:59:43,647 [Thread-34:752] [django.request:93] [base:get_response] [WARNING]- Not Found: /images/a4.jpg
2018-05-24 21:59:47,011 [Thread-36:6704] [django.request:93] [base:get_response] [WARNING]- Not Found: /images/a1.jpg
2018-05-24 21:59:47,136 [Thread-37:5872] [django.request:93] [base:get_response] [WARNING]- Not Found: /images/a2.jpg
2018-05-24 21:59:47,139 [Thread-38:4116] [django.request:93] [base:get_response] [WARNING]- Not Found: /images/a3.jpg
2018-05-24 21:59:47,143 [Thread-39:6672] [django.request:93] [base:get_response] [WARNING]- Not Found: /images/a4.jpg
2018-05-24 23:37:24,629 [Thread-3:3040] [django.request:93] [base:get_response] [WARNING]- Not Found: /images/a1.jpg
2018-05-24 23:37:24,654 [Thread-4:6328] [django.request:93] [base:get_response] [WARNING]- Not Found: /images/a2.jpg
2018-05-24 23:37:24,656 [Thread-5:5064] [django.request:93] [base:get_response] [WARNING]- Not Found: /images/a3.jpg
2018-05-24 23:37:24,657 [Thread-6:1216] [django.request:93] [base:get_response] [WARNING]- Not Found: /images/a4.jpg
2018-05-24 23:37:28,328 [Thread-7:6768] [django.request:93] [base:get_response] [WARNING]- Not Found: /news.html
2018-05-25 12:52:12,797 [Thread-9:2292] [django.request:93] [base:get_response] [WARNING]- Not Found: /images/a2.jpg
2018-05-25 12:52:12,802 [Thread-8:192] [django.request:93] [base:get_response] [WARNING]- Not Found: /images/a1.jpg
2018-05-25 12:52:12,805 [Thread-11:3388] [django.request:93] [base:get_response] [WARNING]- Not Found: /images/a4.jpg
2018-05-25 12:52:12,812 [Thread-10:3908] [django.request:93] [base:get_response] [WARNING]- Not Found: /images/a3.jpg
2018-05-25 12:52:13,495 [Thread-25:3748] [django.request:93] [base:get_response] [WARNING]- Not Found: /favicon.ico
2018-05-25 12:54:22,216 [Thread-27:3168] [django.request:93] [base:get_response] [WARNING]- Not Found: /images/a1.jpg
2018-05-25 12:54:22,235 [Thread-28:6196] [django.request:93] [base:get_response] [WARNING]- Not Found: /images/a2.jpg
2018-05-25 12:54:22,266 [Thread-29:6256] [django.request:93] [base:get_response] [WARNING]- Not Found: /images/a3.jpg
2018-05-25 12:54:22,277 [Thread-30:680] [django.request:93] [base:get_response] [WARNING]- Not Found: /images/a4.jpg
2018-05-25 12:54:43,429 [Thread-33:6456] [django.request:93] [base:get_response] [WARNING]- Not Found: /images/a1.jpg
2018-05-25 12:54:43,454 [Thread-34:6192] [django.request:93] [base:get_response] [WARNING]- Not Found: /images/a2.jpg
2018-05-25 12:54:43,466 [Thread-35:3068] [django.request:93] [base:get_response] [WARNING]- Not Found: /images/a3.jpg
2018-05-25 12:54:43,479 [Thread-36:1792] [django.request:93] [base:get_response] [WARNING]- Not Found: /images/a4.jpg
2018-05-25 12:56:53,112 [Thread-43:3172] [django.request:93] [base:get_response] [WARNING]- Not Found: /images/a1.jpg
2018-05-25 12:56:53,471 [Thread-45:4188] [django.request:93] [base:get_response] [WARNING]- Not Found: /images/a2.jpg
2018-05-25 12:56:53,751 [Thread-47:4532] [django.request:93] [base:get_response] [WARNING]- Not Found: /images/a3.jpg
2018-05-25 12:56:53,773 [Thread-46:6852] [django.request:93] [base:get_response] [WARNING]- Not Found: /images/a4.jpg
2018-05-25 12:56:53,774 [Thread-48:5600] [django.request:93] [base:get_response] [WARNING]- Not Found: /images/a2.jpg
2018-05-25 12:59:35,530 [Thread-52:6836] [django.request:93] [base:get_response] [WARNING]- Not Found: /images/a2.jpg
2018-05-25 12:59:35,832 [Thread-53:472] [django.request:93] [base:get_response] [WARNING]- Not Found: /images/a3.jpg
2018-05-25 12:59:35,890 [Thread-54:4664] [django.request:93] [base:get_response] [WARNING]- Not Found: /images/a4.jpg
2018-05-25 16:56:22,187 [Thread-11:5856] [django.request:93] [base:get_response] [WARNING]- Not Found: /admin/blog/catagory/1/change/
2018-05-25 16:56:26,977 [Thread-12:3632] [django.request:93] [base:get_response] [WARNING]- Not Found: /admin/blog/catagory/1/change/
2018-05-26 16:41:31,441 [Thread-3:6328] [django.request:93] [base:get_response] [WARNING]- Not Found: /favicon.ico
2018-05-26 17:23:37,939 [Thread-2:7928] [django.request:118] [exception:handle_uncaught_exception] [ERROR]- Internal Server Error: /blog/index
Traceback (most recent call last):
  File "C:\Users\LYF\AppData\Local\Programs\Python\Python37\lib\site-packages\django\template\base.py", line 475, in parse
    compile_func = self.tags[command]
KeyError: 'endblock'

During handling of the above exception, another exception occurred:

Traceback (most recent call last):
  File "C:\Users\LYF\AppData\Local\Programs\Python\Python37\lib\site-packages\django\core\handlers\exception.py", line 35, in inner
    response = get_response(request)
  File "C:\Users\LYF\AppData\Local\Programs\Python\Python37\lib\site-packages\django\core\handlers\base.py", line 128, in _get_response
    response = self.process_exception_by_middleware(e, request)
  File "C:\Users\LYF\AppData\Local\Programs\Python\Python37\lib\site-packages\django\core\handlers\base.py", line 126, in _get_response
    response = wrapped_callback(request, *callback_args, **callback_kwargs)
  File "F:\Code\blog_projecttest1\blog\views.py", line 27, in index
    return render(request,'index.html',locals())
  File "C:\Users\LYF\AppData\Local\Programs\Python\Python37\lib\site-packages\django\shortcuts.py", line 36, in render
    content = loader.render_to_string(template_name, context, request, using=using)
  File "C:\Users\LYF\AppData\Local\Programs\Python\Python37\lib\site-packages\django\template\loader.py", line 61, in render_to_string
    template = get_template(template_name, using=using)
  File "C:\Users\LYF\AppData\Local\Programs\Python\Python37\lib\site-packages\django\template\loader.py", line 15, in get_template
    return engine.get_template(template_name)
  File "C:\Users\LYF\AppData\Local\Programs\Python\Python37\lib\site-packages\django\template\backends\django.py", line 34, in get_template
    return Template(self.engine.get_template(template_name), self)
  File "C:\Users\LYF\AppData\Local\Programs\Python\Python37\lib\site-packages\django\template\engine.py", line 144, in get_template
    template, origin = self.find_template(template_name)
  File "C:\Users\LYF\AppData\Local\Programs\Python\Python37\lib\site-packages\django\template\engine.py", line 126, in find_template
    template = loader.get_template(name, skip=skip)
  File "C:\Users\LYF\AppData\Local\Programs\Python\Python37\lib\site-packages\django\template\loaders\base.py", line 30, in get_template
    contents, origin, origin.template_name, self.engine,
  File "C:\Users\LYF\AppData\Local\Programs\Python\Python37\lib\site-packages\django\template\base.py", line 160, in __init__
    self.nodelist = self.compile_nodelist()
  File "C:\Users\LYF\AppData\Local\Programs\Python\Python37\lib\site-packages\django\template\base.py", line 198, in compile_nodelist
    return parser.parse()
  File "C:\Users\LYF\AppData\Local\Programs\Python\Python37\lib\site-packages\django\template\base.py", line 483, in parse
    raise self.error(token, e)
  File "C:\Users\LYF\AppData\Local\Programs\Python\Python37\lib\site-packages\django\template\base.py", line 481, in parse
    compiled_result = compile_func(self, token)
  File "C:\Users\LYF\AppData\Local\Programs\Python\Python37\lib\site-packages\django\template\loader_tags.py", line 290, in do_extends
    nodelist = parser.parse()
  File "C:\Users\LYF\AppData\Local\Programs\Python\Python37\lib\site-packages\django\template\base.py", line 483, in parse
    raise self.error(token, e)
  File "C:\Users\LYF\AppData\Local\Programs\Python\Python37\lib\site-packages\django\template\base.py", line 481, in parse
    compiled_result = compile_func(self, token)
  File "C:\Users\LYF\AppData\Local\Programs\Python\Python37\lib\site-packages\django\template\loader_tags.py", line 233, in do_block
    nodelist = parser.parse(('endblock',))
  File "C:\Users\LYF\AppData\Local\Programs\Python\Python37\lib\site-packages\django\template\base.py", line 483, in parse
    raise self.error(token, e)
  File "C:\Users\LYF\AppData\Local\Programs\Python\Python37\lib\site-packages\django\template\base.py", line 481, in parse
    compiled_result = compile_func(self, token)
  File "C:\Users\LYF\AppData\Local\Programs\Python\Python37\lib\site-packages\django\template\defaulttags.py", line 815, in do_for
    nodelist_loop = parser.parse(('empty', 'endfor',))
  File "C:\Users\LYF\AppData\Local\Programs\Python\Python37\lib\site-packages\django\template\base.py", line 477, in parse
    self.invalid_block_tag(token, command, parse_until)
  File "C:\Users\LYF\AppData\Local\Programs\Python\Python37\lib\site-packages\django\template\base.py", line 533, in invalid_block_tag
    get_text_list(["'%s'" % p for p in parse_until], 'or'),
django.template.exceptions.TemplateSyntaxError: Invalid block tag on line 37: 'endblock', expected 'empty' or 'endfor'. Did you forget to register or load this tag?
2018-05-26 17:26:29,962 [Thread-16:7404] [django.request:93] [base:get_response] [WARNING]- Not Found: /
2018-05-26 17:27:19,122 [Thread-29:5704] [django.request:93] [base:get_response] [WARNING]- Not Found: /
2018-05-26 18:11:40,752 [Thread-2:3140] [django.request:118] [exception:handle_uncaught_exception] [ERROR]- Internal Server Error: /blog/index
Traceback (most recent call last):
  File "C:\Users\LYF\AppData\Local\Programs\Python\Python37\lib\site-packages\django\core\handlers\exception.py", line 35, in inner
    response = get_response(request)
  File "C:\Users\LYF\AppData\Local\Programs\Python\Python37\lib\site-packages\django\core\handlers\base.py", line 128, in _get_response
    response = self.process_exception_by_middleware(e, request)
  File "C:\Users\LYF\AppData\Local\Programs\Python\Python37\lib\site-packages\django\core\handlers\base.py", line 126, in _get_response
    response = wrapped_callback(request, *callback_args, **callback_kwargs)
  File "F:\Code\blog_projecttest1\blog\views.py", line 31, in index
    return render(request,'index.html',locals())
  File "C:\Users\LYF\AppData\Local\Programs\Python\Python37\lib\site-packages\django\shortcuts.py", line 36, in render
    content = loader.render_to_string(template_name, context, request, using=using)
  File "C:\Users\LYF\AppData\Local\Programs\Python\Python37\lib\site-packages\django\template\loader.py", line 62, in render_to_string
    return template.render(context, request)
  File "C:\Users\LYF\AppData\Local\Programs\Python\Python37\lib\site-packages\django\template\backends\django.py", line 61, in render
    return self.template.render(context)
  File "C:\Users\LYF\AppData\Local\Programs\Python\Python37\lib\site-packages\django\template\base.py", line 175, in render
    return self._render(context)
  File "C:\Users\LYF\AppData\Local\Programs\Python\Python37\lib\site-packages\django\template\base.py", line 167, in _render
    return self.nodelist.render(context)
  File "C:\Users\LYF\AppData\Local\Programs\Python\Python37\lib\site-packages\django\template\base.py", line 943, in render
    bit = node.render_annotated(context)
  File "C:\Users\LYF\AppData\Local\Programs\Python\Python37\lib\site-packages\django\template\base.py", line 910, in render_annotated
    return self.render(context)
  File "C:\Users\LYF\AppData\Local\Programs\Python\Python37\lib\site-packages\django\template\loader_tags.py", line 155, in render
    return compiled_parent._render(context)
  File "C:\Users\LYF\AppData\Local\Programs\Python\Python37\lib\site-packages\django\template\base.py", line 167, in _render
    return self.nodelist.render(context)
  File "C:\Users\LYF\AppData\Local\Programs\Python\Python37\lib\site-packages\django\template\base.py", line 943, in render
    bit = node.render_annotated(context)
  File "C:\Users\LYF\AppData\Local\Programs\Python\Python37\lib\site-packages\django\template\base.py", line 910, in render_annotated
    return self.render(context)
  File "C:\Users\LYF\AppData\Local\Programs\Python\Python37\lib\site-packages\django\template\defaulttags.py", line 168, in render
    len_values = len(values)
  File "C:\Users\LYF\AppData\Local\Programs\Python\Python37\lib\site-packages\django\db\models\query.py", line 254, in __len__
    self._fetch_all()
  File "C:\Users\LYF\AppData\Local\Programs\Python\Python37\lib\site-packages\django\db\models\query.py", line 1179, in _fetch_all
    self._result_cache = list(self._iterable_class(self))
  File "C:\Users\LYF\AppData\Local\Programs\Python\Python37\lib\site-packages\django\db\models\query.py", line 53, in __iter__
    results = compiler.execute_sql(chunked_fetch=self.chunked_fetch, chunk_size=self.chunk_size)
  File "C:\Users\LYF\AppData\Local\Programs\Python\Python37\lib\site-packages\django\db\models\sql\compiler.py", line 1051, in execute_sql
    sql, params = self.as_sql()
  File "C:\Users\LYF\AppData\Local\Programs\Python\Python37\lib\site-packages\django\db\models\sql\compiler.py", line 446, in as_sql
    extra_select, order_by, group_by = self.pre_sql_setup()
  File "C:\Users\LYF\AppData\Local\Programs\Python\Python37\lib\site-packages\django\db\models\sql\compiler.py", line 51, in pre_sql_setup
    order_by = self.get_order_by()
  File "C:\Users\LYF\AppData\Local\Programs\Python\Python37\lib\site-packages\django\db\models\sql\compiler.py", line 316, in get_order_by
    field, self.query.get_meta(), default_order=asc))
  File "C:\Users\LYF\AppData\Local\Programs\Python\Python37\lib\site-packages\django\db\models\sql\compiler.py", line 661, in find_ordering_name
    field, targets, alias, joins, path, opts = self._setup_joins(pieces, opts, alias)
  File "C:\Users\LYF\AppData\Local\Programs\Python\Python37\lib\site-packages\django\db\models\sql\compiler.py", line 694, in _setup_joins
    pieces, opts, alias)
  File "C:\Users\LYF\AppData\Local\Programs\Python\Python37\lib\site-packages\django\db\models\sql\query.py", line 1448, in setup_joins
    names, opts, allow_many, fail_on_missing=True)
  File "C:\Users\LYF\AppData\Local\Programs\Python\Python37\lib\site-packages\django\db\models\sql\query.py", line 1379, in names_to_path
    "Choices are: %s" % (name, ", ".join(available)))
django.core.exceptions.FieldError: Cannot resolve keyword 'check_in' into field. Choices are: article, id, index, name
2018-05-26 18:12:33,878 [Thread-2:7404] [django.request:118] [exception:handle_uncaught_exception] [ERROR]- Internal Server Error: /blog/index
Traceback (most recent call last):
  File "C:\Users\LYF\AppData\Local\Programs\Python\Python37\lib\site-packages\django\core\handlers\exception.py", line 35, in inner
    response = get_response(request)
  File "C:\Users\LYF\AppData\Local\Programs\Python\Python37\lib\site-packages\django\core\handlers\base.py", line 128, in _get_response
    response = self.process_exception_by_middleware(e, request)
  File "C:\Users\LYF\AppData\Local\Programs\Python\Python37\lib\site-packages\django\core\handlers\base.py", line 126, in _get_response
    response = wrapped_callback(request, *callback_args, **callback_kwargs)
  File "F:\Code\blog_projecttest1\blog\views.py", line 31, in index
    return render(request,'index.html',locals())
  File "C:\Users\LYF\AppData\Local\Programs\Python\Python37\lib\site-packages\django\shortcuts.py", line 36, in render
    content = loader.render_to_string(template_name, context, request, using=using)
  File "C:\Users\LYF\AppData\Local\Programs\Python\Python37\lib\site-packages\django\template\loader.py", line 62, in render_to_string
    return template.render(context, request)
  File "C:\Users\LYF\AppData\Local\Programs\Python\Python37\lib\site-packages\django\template\backends\django.py", line 61, in render
    return self.template.render(context)
  File "C:\Users\LYF\AppData\Local\Programs\Python\Python37\lib\site-packages\django\template\base.py", line 175, in render
    return self._render(context)
  File "C:\Users\LYF\AppData\Local\Programs\Python\Python37\lib\site-packages\django\template\base.py", line 167, in _render
    return self.nodelist.render(context)
  File "C:\Users\LYF\AppData\Local\Programs\Python\Python37\lib\site-packages\django\template\base.py", line 943, in render
    bit = node.render_annotated(context)
  File "C:\Users\LYF\AppData\Local\Programs\Python\Python37\lib\site-packages\django\template\base.py", line 910, in render_annotated
    return self.render(context)
  File "C:\Users\LYF\AppData\Local\Programs\Python\Python37\lib\site-packages\django\template\loader_tags.py", line 155, in render
    return compiled_parent._render(context)
  File "C:\Users\LYF\AppData\Local\Programs\Python\Python37\lib\site-packages\django\template\base.py", line 167, in _render
    return self.nodelist.render(context)
  File "C:\Users\LYF\AppData\Local\Programs\Python\Python37\lib\site-packages\django\template\base.py", line 943, in render
    bit = node.render_annotated(context)
  File "C:\Users\LYF\AppData\Local\Programs\Python\Python37\lib\site-packages\django\template\base.py", line 910, in render_annotated
    return self.render(context)
  File "C:\Users\LYF\AppData\Local\Programs\Python\Python37\lib\site-packages\django\template\defaulttags.py", line 168, in render
    len_values = len(values)
  File "C:\Users\LYF\AppData\Local\Programs\Python\Python37\lib\site-packages\django\db\models\query.py", line 254, in __len__
    self._fetch_all()
  File "C:\Users\LYF\AppData\Local\Programs\Python\Python37\lib\site-packages\django\db\models\query.py", line 1179, in _fetch_all
    self._result_cache = list(self._iterable_class(self))
  File "C:\Users\LYF\AppData\Local\Programs\Python\Python37\lib\site-packages\django\db\models\query.py", line 53, in __iter__
    results = compiler.execute_sql(chunked_fetch=self.chunked_fetch, chunk_size=self.chunk_size)
  File "C:\Users\LYF\AppData\Local\Programs\Python\Python37\lib\site-packages\django\db\models\sql\compiler.py", line 1051, in execute_sql
    sql, params = self.as_sql()
  File "C:\Users\LYF\AppData\Local\Programs\Python\Python37\lib\site-packages\django\db\models\sql\compiler.py", line 446, in as_sql
    extra_select, order_by, group_by = self.pre_sql_setup()
  File "C:\Users\LYF\AppData\Local\Programs\Python\Python37\lib\site-packages\django\db\models\sql\compiler.py", line 51, in pre_sql_setup
    order_by = self.get_order_by()
  File "C:\Users\LYF\AppData\Local\Programs\Python\Python37\lib\site-packages\django\db\models\sql\compiler.py", line 316, in get_order_by
    field, self.query.get_meta(), default_order=asc))
  File "C:\Users\LYF\AppData\Local\Programs\Python\Python37\lib\site-packages\django\db\models\sql\compiler.py", line 661, in find_ordering_name
    field, targets, alias, joins, path, opts = self._setup_joins(pieces, opts, alias)
  File "C:\Users\LYF\AppData\Local\Programs\Python\Python37\lib\site-packages\django\db\models\sql\compiler.py", line 694, in _setup_joins
    pieces, opts, alias)
  File "C:\Users\LYF\AppData\Local\Programs\Python\Python37\lib\site-packages\django\db\models\sql\query.py", line 1448, in setup_joins
    names, opts, allow_many, fail_on_missing=True)
  File "C:\Users\LYF\AppData\Local\Programs\Python\Python37\lib\site-packages\django\db\models\sql\query.py", line 1379, in names_to_path
    "Choices are: %s" % (name, ", ".join(available)))
django.core.exceptions.FieldError: Cannot resolve keyword 'date_publish' into field. Choices are: article, id, index, name
2018-05-26 18:16:41,841 [Thread-4:1944] [django.request:93] [base:get_response] [WARNING]- Not Found: /blog/base.html
2018-05-27 00:08:53,375 [Thread-3:5072] [django.request:93] [base:get_response] [WARNING]- Not Found: /favicon.ico
2018-05-27 01:46:26,140 [Thread-22:6804] [django.request:93] [base:get_response] [WARNING]- Not Found: /
2018-05-27 01:56:24,818 [Thread-2:7420] [django.request:118] [exception:handle_uncaught_exception] [ERROR]- Internal Server Error: /blog/index
Traceback (most recent call last):
  File "C:\Users\LYF\AppData\Local\Programs\Python\Python37\lib\site-packages\django\db\backends\utils.py", line 85, in _execute
    return self.cursor.execute(sql, params)
  File "C:\Users\LYF\AppData\Local\Programs\Python\Python37\lib\site-packages\django\db\backends\mysql\base.py", line 71, in execute
    return self.cursor.execute(query, args)
  File "C:\Users\LYF\AppData\Local\Programs\Python\Python37\lib\site-packages\pymysql\cursors.py", line 170, in execute
    result = self._query(query)
  File "C:\Users\LYF\AppData\Local\Programs\Python\Python37\lib\site-packages\pymysql\cursors.py", line 328, in _query
    conn.query(q)
  File "C:\Users\LYF\AppData\Local\Programs\Python\Python37\lib\site-packages\pymysql\connections.py", line 893, in query
    self._affected_rows = self._read_query_result(unbuffered=unbuffered)
  File "C:\Users\LYF\AppData\Local\Programs\Python\Python37\lib\site-packages\pymysql\connections.py", line 1103, in _read_query_result
    result.read()
  File "C:\Users\LYF\AppData\Local\Programs\Python\Python37\lib\site-packages\pymysql\connections.py", line 1396, in read
    first_packet = self.connection._read_packet()
  File "C:\Users\LYF\AppData\Local\Programs\Python\Python37\lib\site-packages\pymysql\connections.py", line 1059, in _read_packet
    packet.check_error()
  File "C:\Users\LYF\AppData\Local\Programs\Python\Python37\lib\site-packages\pymysql\connections.py", line 384, in check_error
    err.raise_mysql_exception(self._data)
  File "C:\Users\LYF\AppData\Local\Programs\Python\Python37\lib\site-packages\pymysql\err.py", line 109, in raise_mysql_exception
    raise errorclass(errno, errval)
pymysql.err.InternalError: (1054, "Unknown column 'blog_article.category_id' in 'field list'")

The above exception was the direct cause of the following exception:

Traceback (most recent call last):
  File "C:\Users\LYF\AppData\Local\Programs\Python\Python37\lib\site-packages\django\core\handlers\exception.py", line 35, in inner
    response = get_response(request)
  File "C:\Users\LYF\AppData\Local\Programs\Python\Python37\lib\site-packages\django\core\handlers\base.py", line 128, in _get_response
    response = self.process_exception_by_middleware(e, request)
  File "C:\Users\LYF\AppData\Local\Programs\Python\Python37\lib\site-packages\django\core\handlers\base.py", line 126, in _get_response
    response = wrapped_callback(request, *callback_args, **callback_kwargs)
  File "F:\Code\blog_projecttest1\blog\views.py", line 31, in index
    return render(request,'index.html',locals())
  File "C:\Users\LYF\AppData\Local\Programs\Python\Python37\lib\site-packages\django\shortcuts.py", line 36, in render
    content = loader.render_to_string(template_name, context, request, using=using)
  File "C:\Users\LYF\AppData\Local\Programs\Python\Python37\lib\site-packages\django\template\loader.py", line 62, in render_to_string
    return template.render(context, request)
  File "C:\Users\LYF\AppData\Local\Programs\Python\Python37\lib\site-packages\django\template\backends\django.py", line 61, in render
    return self.template.render(context)
  File "C:\Users\LYF\AppData\Local\Programs\Python\Python37\lib\site-packages\django\template\base.py", line 175, in render
    return self._render(context)
  File "C:\Users\LYF\AppData\Local\Programs\Python\Python37\lib\site-packages\django\template\base.py", line 167, in _render
    return self.nodelist.render(context)
  File "C:\Users\LYF\AppData\Local\Programs\Python\Python37\lib\site-packages\django\template\base.py", line 943, in render
    bit = node.render_annotated(context)
  File "C:\Users\LYF\AppData\Local\Programs\Python\Python37\lib\site-packages\django\template\base.py", line 910, in render_annotated
    return self.render(context)
  File "C:\Users\LYF\AppData\Local\Programs\Python\Python37\lib\site-packages\django\template\loader_tags.py", line 155, in render
    return compiled_parent._render(context)
  File "C:\Users\LYF\AppData\Local\Programs\Python\Python37\lib\site-packages\django\template\base.py", line 167, in _render
    return self.nodelist.render(context)
  File "C:\Users\LYF\AppData\Local\Programs\Python\Python37\lib\site-packages\django\template\base.py", line 943, in render
    bit = node.render_annotated(context)
  File "C:\Users\LYF\AppData\Local\Programs\Python\Python37\lib\site-packages\django\template\base.py", line 910, in render_annotated
    return self.render(context)
  File "C:\Users\LYF\AppData\Local\Programs\Python\Python37\lib\site-packages\django\template\loader_tags.py", line 67, in render
    result = block.nodelist.render(context)
  File "C:\Users\LYF\AppData\Local\Programs\Python\Python37\lib\site-packages\django\template\base.py", line 943, in render
    bit = node.render_annotated(context)
  File "C:\Users\LYF\AppData\Local\Programs\Python\Python37\lib\site-packages\django\template\base.py", line 910, in render_annotated
    return self.render(context)
  File "C:\Users\LYF\AppData\Local\Programs\Python\Python37\lib\site-packages\django\template\defaulttags.py", line 168, in render
    len_values = len(values)
  File "C:\Users\LYF\AppData\Local\Programs\Python\Python37\lib\site-packages\django\core\paginator.py", line 141, in __len__
    return len(self.object_list)
  File "C:\Users\LYF\AppData\Local\Programs\Python\Python37\lib\site-packages\django\db\models\query.py", line 254, in __len__
    self._fetch_all()
  File "C:\Users\LYF\AppData\Local\Programs\Python\Python37\lib\site-packages\django\db\models\query.py", line 1179, in _fetch_all
    self._result_cache = list(self._iterable_class(self))
  File "C:\Users\LYF\AppData\Local\Programs\Python\Python37\lib\site-packages\django\db\models\query.py", line 53, in __iter__
    results = compiler.execute_sql(chunked_fetch=self.chunked_fetch, chunk_size=self.chunk_size)
  File "C:\Users\LYF\AppData\Local\Programs\Python\Python37\lib\site-packages\django\db\models\sql\compiler.py", line 1064, in execute_sql
    cursor.execute(sql, params)
  File "C:\Users\LYF\AppData\Local\Programs\Python\Python37\lib\site-packages\django\db\backends\utils.py", line 100, in execute
    return super().execute(sql, params)
  File "C:\Users\LYF\AppData\Local\Programs\Python\Python37\lib\site-packages\django\db\backends\utils.py", line 68, in execute
    return self._execute_with_wrappers(sql, params, many=False, executor=self._execute)
  File "C:\Users\LYF\AppData\Local\Programs\Python\Python37\lib\site-packages\django\db\backends\utils.py", line 77, in _execute_with_wrappers
    return executor(sql, params, many, context)
  File "C:\Users\LYF\AppData\Local\Programs\Python\Python37\lib\site-packages\django\db\backends\utils.py", line 85, in _execute
    return self.cursor.execute(sql, params)
  File "C:\Users\LYF\AppData\Local\Programs\Python\Python37\lib\site-packages\django\db\utils.py", line 89, in __exit__
    raise dj_exc_value.with_traceback(traceback) from exc_value
  File "C:\Users\LYF\AppData\Local\Programs\Python\Python37\lib\site-packages\django\db\backends\utils.py", line 85, in _execute
    return self.cursor.execute(sql, params)
  File "C:\Users\LYF\AppData\Local\Programs\Python\Python37\lib\site-packages\django\db\backends\mysql\base.py", line 71, in execute
    return self.cursor.execute(query, args)
  File "C:\Users\LYF\AppData\Local\Programs\Python\Python37\lib\site-packages\pymysql\cursors.py", line 170, in execute
    result = self._query(query)
  File "C:\Users\LYF\AppData\Local\Programs\Python\Python37\lib\site-packages\pymysql\cursors.py", line 328, in _query
    conn.query(q)
  File "C:\Users\LYF\AppData\Local\Programs\Python\Python37\lib\site-packages\pymysql\connections.py", line 893, in query
    self._affected_rows = self._read_query_result(unbuffered=unbuffered)
  File "C:\Users\LYF\AppData\Local\Programs\Python\Python37\lib\site-packages\pymysql\connections.py", line 1103, in _read_query_result
    result.read()
  File "C:\Users\LYF\AppData\Local\Programs\Python\Python37\lib\site-packages\pymysql\connections.py", line 1396, in read
    first_packet = self.connection._read_packet()
  File "C:\Users\LYF\AppData\Local\Programs\Python\Python37\lib\site-packages\pymysql\connections.py", line 1059, in _read_packet
    packet.check_error()
  File "C:\Users\LYF\AppData\Local\Programs\Python\Python37\lib\site-packages\pymysql\connections.py", line 384, in check_error
    err.raise_mysql_exception(self._data)
  File "C:\Users\LYF\AppData\Local\Programs\Python\Python37\lib\site-packages\pymysql\err.py", line 109, in raise_mysql_exception
    raise errorclass(errno, errval)
django.db.utils.InternalError: (1054, "Unknown column 'blog_article.category_id' in 'field list'")
2018-05-27 01:59:12,660 [Thread-8:7724] [django.request:118] [exception:handle_uncaught_exception] [ERROR]- Internal Server Error: /blog/index
Traceback (most recent call last):
  File "C:\Users\LYF\AppData\Local\Programs\Python\Python37\lib\site-packages\django\db\backends\utils.py", line 85, in _execute
    return self.cursor.execute(sql, params)
  File "C:\Users\LYF\AppData\Local\Programs\Python\Python37\lib\site-packages\django\db\backends\mysql\base.py", line 71, in execute
    return self.cursor.execute(query, args)
  File "C:\Users\LYF\AppData\Local\Programs\Python\Python37\lib\site-packages\pymysql\cursors.py", line 170, in execute
    result = self._query(query)
  File "C:\Users\LYF\AppData\Local\Programs\Python\Python37\lib\site-packages\pymysql\cursors.py", line 328, in _query
    conn.query(q)
  File "C:\Users\LYF\AppData\Local\Programs\Python\Python37\lib\site-packages\pymysql\connections.py", line 893, in query
    self._affected_rows = self._read_query_result(unbuffered=unbuffered)
  File "C:\Users\LYF\AppData\Local\Programs\Python\Python37\lib\site-packages\pymysql\connections.py", line 1103, in _read_query_result
    result.read()
  File "C:\Users\LYF\AppData\Local\Programs\Python\Python37\lib\site-packages\pymysql\connections.py", line 1396, in read
    first_packet = self.connection._read_packet()
  File "C:\Users\LYF\AppData\Local\Programs\Python\Python37\lib\site-packages\pymysql\connections.py", line 1059, in _read_packet
    packet.check_error()
  File "C:\Users\LYF\AppData\Local\Programs\Python\Python37\lib\site-packages\pymysql\connections.py", line 384, in check_error
    err.raise_mysql_exception(self._data)
  File "C:\Users\LYF\AppData\Local\Programs\Python\Python37\lib\site-packages\pymysql\err.py", line 109, in raise_mysql_exception
    raise errorclass(errno, errval)
pymysql.err.InternalError: (1054, "Unknown column 'blog_article.category_id' in 'field list'")

The above exception was the direct cause of the following exception:

Traceback (most recent call last):
  File "C:\Users\LYF\AppData\Local\Programs\Python\Python37\lib\site-packages\django\core\handlers\exception.py", line 35, in inner
    response = get_response(request)
  File "C:\Users\LYF\AppData\Local\Programs\Python\Python37\lib\site-packages\django\core\handlers\base.py", line 128, in _get_response
    response = self.process_exception_by_middleware(e, request)
  File "C:\Users\LYF\AppData\Local\Programs\Python\Python37\lib\site-packages\django\core\handlers\base.py", line 126, in _get_response
    response = wrapped_callback(request, *callback_args, **callback_kwargs)
  File "F:\Code\blog_projecttest1\blog\views.py", line 31, in index
    return render(request,'index.html',locals())
  File "C:\Users\LYF\AppData\Local\Programs\Python\Python37\lib\site-packages\django\shortcuts.py", line 36, in render
    content = loader.render_to_string(template_name, context, request, using=using)
  File "C:\Users\LYF\AppData\Local\Programs\Python\Python37\lib\site-packages\django\template\loader.py", line 62, in render_to_string
    return template.render(context, request)
  File "C:\Users\LYF\AppData\Local\Programs\Python\Python37\lib\site-packages\django\template\backends\django.py", line 61, in render
    return self.template.render(context)
  File "C:\Users\LYF\AppData\Local\Programs\Python\Python37\lib\site-packages\django\template\base.py", line 175, in render
    return self._render(context)
  File "C:\Users\LYF\AppData\Local\Programs\Python\Python37\lib\site-packages\django\template\base.py", line 167, in _render
    return self.nodelist.render(context)
  File "C:\Users\LYF\AppData\Local\Programs\Python\Python37\lib\site-packages\django\template\base.py", line 943, in render
    bit = node.render_annotated(context)
  File "C:\Users\LYF\AppData\Local\Programs\Python\Python37\lib\site-packages\django\template\base.py", line 910, in render_annotated
    return self.render(context)
  File "C:\Users\LYF\AppData\Local\Programs\Python\Python37\lib\site-packages\django\template\loader_tags.py", line 155, in render
    return compiled_parent._render(context)
  File "C:\Users\LYF\AppData\Local\Programs\Python\Python37\lib\site-packages\django\template\base.py", line 167, in _render
    return self.nodelist.render(context)
  File "C:\Users\LYF\AppData\Local\Programs\Python\Python37\lib\site-packages\django\template\base.py", line 943, in render
    bit = node.render_annotated(context)
  File "C:\Users\LYF\AppData\Local\Programs\Python\Python37\lib\site-packages\django\template\base.py", line 910, in render_annotated
    return self.render(context)
  File "C:\Users\LYF\AppData\Local\Programs\Python\Python37\lib\site-packages\django\template\loader_tags.py", line 67, in render
    result = block.nodelist.render(context)
  File "C:\Users\LYF\AppData\Local\Programs\Python\Python37\lib\site-packages\django\template\base.py", line 943, in render
    bit = node.render_annotated(context)
  File "C:\Users\LYF\AppData\Local\Programs\Python\Python37\lib\site-packages\django\template\base.py", line 910, in render_annotated
    return self.render(context)
  File "C:\Users\LYF\AppData\Local\Programs\Python\Python37\lib\site-packages\django\template\defaulttags.py", line 168, in render
    len_values = len(values)
  File "C:\Users\LYF\AppData\Local\Programs\Python\Python37\lib\site-packages\django\core\paginator.py", line 141, in __len__
    return len(self.object_list)
  File "C:\Users\LYF\AppData\Local\Programs\Python\Python37\lib\site-packages\django\db\models\query.py", line 254, in __len__
    self._fetch_all()
  File "C:\Users\LYF\AppData\Local\Programs\Python\Python37\lib\site-packages\django\db\models\query.py", line 1179, in _fetch_all
    self._result_cache = list(self._iterable_class(self))
  File "C:\Users\LYF\AppData\Local\Programs\Python\Python37\lib\site-packages\django\db\models\query.py", line 53, in __iter__
    results = compiler.execute_sql(chunked_fetch=self.chunked_fetch, chunk_size=self.chunk_size)
  File "C:\Users\LYF\AppData\Local\Programs\Python\Python37\lib\site-packages\django\db\models\sql\compiler.py", line 1064, in execute_sql
    cursor.execute(sql, params)
  File "C:\Users\LYF\AppData\Local\Programs\Python\Python37\lib\site-packages\django\db\backends\utils.py", line 100, in execute
    return super().execute(sql, params)
  File "C:\Users\LYF\AppData\Local\Programs\Python\Python37\lib\site-packages\django\db\backends\utils.py", line 68, in execute
    return self._execute_with_wrappers(sql, params, many=False, executor=self._execute)
  File "C:\Users\LYF\AppData\Local\Programs\Python\Python37\lib\site-packages\django\db\backends\utils.py", line 77, in _execute_with_wrappers
    return executor(sql, params, many, context)
  File "C:\Users\LYF\AppData\Local\Programs\Python\Python37\lib\site-packages\django\db\backends\utils.py", line 85, in _execute
    return self.cursor.execute(sql, params)
  File "C:\Users\LYF\AppData\Local\Programs\Python\Python37\lib\site-packages\django\db\utils.py", line 89, in __exit__
    raise dj_exc_value.with_traceback(traceback) from exc_value
  File "C:\Users\LYF\AppData\Local\Programs\Python\Python37\lib\site-packages\django\db\backends\utils.py", line 85, in _execute
    return self.cursor.execute(sql, params)
  File "C:\Users\LYF\AppData\Local\Programs\Python\Python37\lib\site-packages\django\db\backends\mysql\base.py", line 71, in execute
    return self.cursor.execute(query, args)
  File "C:\Users\LYF\AppData\Local\Programs\Python\Python37\lib\site-packages\pymysql\cursors.py", line 170, in execute
    result = self._query(query)
  File "C:\Users\LYF\AppData\Local\Programs\Python\Python37\lib\site-packages\pymysql\cursors.py", line 328, in _query
    conn.query(q)
  File "C:\Users\LYF\AppData\Local\Programs\Python\Python37\lib\site-packages\pymysql\connections.py", line 893, in query
    self._affected_rows = self._read_query_result(unbuffered=unbuffered)
  File "C:\Users\LYF\AppData\Local\Programs\Python\Python37\lib\site-packages\pymysql\connections.py", line 1103, in _read_query_result
    result.read()
  File "C:\Users\LYF\AppData\Local\Programs\Python\Python37\lib\site-packages\pymysql\connections.py", line 1396, in read
    first_packet = self.connection._read_packet()
  File "C:\Users\LYF\AppData\Local\Programs\Python\Python37\lib\site-packages\pymysql\connections.py", line 1059, in _read_packet
    packet.check_error()
  File "C:\Users\LYF\AppData\Local\Programs\Python\Python37\lib\site-packages\pymysql\connections.py", line 384, in check_error
    err.raise_mysql_exception(self._data)
  File "C:\Users\LYF\AppData\Local\Programs\Python\Python37\lib\site-packages\pymysql\err.py", line 109, in raise_mysql_exception
    raise errorclass(errno, errval)
django.db.utils.InternalError: (1054, "Unknown column 'blog_article.category_id' in 'field list'")
2018-05-27 02:00:45,404 [Thread-2:3812] [django.request:118] [exception:handle_uncaught_exception] [ERROR]- Internal Server Error: /blog/index
Traceback (most recent call last):
  File "C:\Users\LYF\AppData\Local\Programs\Python\Python37\lib\site-packages\django\db\backends\utils.py", line 85, in _execute
    return self.cursor.execute(sql, params)
  File "C:\Users\LYF\AppData\Local\Programs\Python\Python37\lib\site-packages\django\db\backends\mysql\base.py", line 71, in execute
    return self.cursor.execute(query, args)
  File "C:\Users\LYF\AppData\Local\Programs\Python\Python37\lib\site-packages\pymysql\cursors.py", line 170, in execute
    result = self._query(query)
  File "C:\Users\LYF\AppData\Local\Programs\Python\Python37\lib\site-packages\pymysql\cursors.py", line 328, in _query
    conn.query(q)
  File "C:\Users\LYF\AppData\Local\Programs\Python\Python37\lib\site-packages\pymysql\connections.py", line 893, in query
    self._affected_rows = self._read_query_result(unbuffered=unbuffered)
  File "C:\Users\LYF\AppData\Local\Programs\Python\Python37\lib\site-packages\pymysql\connections.py", line 1103, in _read_query_result
    result.read()
  File "C:\Users\LYF\AppData\Local\Programs\Python\Python37\lib\site-packages\pymysql\connections.py", line 1396, in read
    first_packet = self.connection._read_packet()
  File "C:\Users\LYF\AppData\Local\Programs\Python\Python37\lib\site-packages\pymysql\connections.py", line 1059, in _read_packet
    packet.check_error()
  File "C:\Users\LYF\AppData\Local\Programs\Python\Python37\lib\site-packages\pymysql\connections.py", line 384, in check_error
    err.raise_mysql_exception(self._data)
  File "C:\Users\LYF\AppData\Local\Programs\Python\Python37\lib\site-packages\pymysql\err.py", line 109, in raise_mysql_exception
    raise errorclass(errno, errval)
pymysql.err.InternalError: (1054, "Unknown column 'blog_article.category_id' in 'field list'")

The above exception was the direct cause of the following exception:

Traceback (most recent call last):
  File "C:\Users\LYF\AppData\Local\Programs\Python\Python37\lib\site-packages\django\core\handlers\exception.py", line 35, in inner
    response = get_response(request)
  File "C:\Users\LYF\AppData\Local\Programs\Python\Python37\lib\site-packages\django\core\handlers\base.py", line 128, in _get_response
    response = self.process_exception_by_middleware(e, request)
  File "C:\Users\LYF\AppData\Local\Programs\Python\Python37\lib\site-packages\django\core\handlers\base.py", line 126, in _get_response
    response = wrapped_callback(request, *callback_args, **callback_kwargs)
  File "F:\Code\blog_projecttest1\blog\views.py", line 31, in index
    return render(request,'index.html',locals())
  File "C:\Users\LYF\AppData\Local\Programs\Python\Python37\lib\site-packages\django\shortcuts.py", line 36, in render
    content = loader.render_to_string(template_name, context, request, using=using)
  File "C:\Users\LYF\AppData\Local\Programs\Python\Python37\lib\site-packages\django\template\loader.py", line 62, in render_to_string
    return template.render(context, request)
  File "C:\Users\LYF\AppData\Local\Programs\Python\Python37\lib\site-packages\django\template\backends\django.py", line 61, in render
    return self.template.render(context)
  File "C:\Users\LYF\AppData\Local\Programs\Python\Python37\lib\site-packages\django\template\base.py", line 175, in render
    return self._render(context)
  File "C:\Users\LYF\AppData\Local\Programs\Python\Python37\lib\site-packages\django\template\base.py", line 167, in _render
    return self.nodelist.render(context)
  File "C:\Users\LYF\AppData\Local\Programs\Python\Python37\lib\site-packages\django\template\base.py", line 943, in render
    bit = node.render_annotated(context)
  File "C:\Users\LYF\AppData\Local\Programs\Python\Python37\lib\site-packages\django\template\base.py", line 910, in render_annotated
    return self.render(context)
  File "C:\Users\LYF\AppData\Local\Programs\Python\Python37\lib\site-packages\django\template\loader_tags.py", line 155, in render
    return compiled_parent._render(context)
  File "C:\Users\LYF\AppData\Local\Programs\Python\Python37\lib\site-packages\django\template\base.py", line 167, in _render
    return self.nodelist.render(context)
  File "C:\Users\LYF\AppData\Local\Programs\Python\Python37\lib\site-packages\django\template\base.py", line 943, in render
    bit = node.render_annotated(context)
  File "C:\Users\LYF\AppData\Local\Programs\Python\Python37\lib\site-packages\django\template\base.py", line 910, in render_annotated
    return self.render(context)
  File "C:\Users\LYF\AppData\Local\Programs\Python\Python37\lib\site-packages\django\template\loader_tags.py", line 67, in render
    result = block.nodelist.render(context)
  File "C:\Users\LYF\AppData\Local\Programs\Python\Python37\lib\site-packages\django\template\base.py", line 943, in render
    bit = node.render_annotated(context)
  File "C:\Users\LYF\AppData\Local\Programs\Python\Python37\lib\site-packages\django\template\base.py", line 910, in render_annotated
    return self.render(context)
  File "C:\Users\LYF\AppData\Local\Programs\Python\Python37\lib\site-packages\django\template\defaulttags.py", line 168, in render
    len_values = len(values)
  File "C:\Users\LYF\AppData\Local\Programs\Python\Python37\lib\site-packages\django\core\paginator.py", line 141, in __len__
    return len(self.object_list)
  File "C:\Users\LYF\AppData\Local\Programs\Python\Python37\lib\site-packages\django\db\models\query.py", line 254, in __len__
    self._fetch_all()
  File "C:\Users\LYF\AppData\Local\Programs\Python\Python37\lib\site-packages\django\db\models\query.py", line 1179, in _fetch_all
    self._result_cache = list(self._iterable_class(self))
  File "C:\Users\LYF\AppData\Local\Programs\Python\Python37\lib\site-packages\django\db\models\query.py", line 53, in __iter__
    results = compiler.execute_sql(chunked_fetch=self.chunked_fetch, chunk_size=self.chunk_size)
  File "C:\Users\LYF\AppData\Local\Programs\Python\Python37\lib\site-packages\django\db\models\sql\compiler.py", line 1064, in execute_sql
    cursor.execute(sql, params)
  File "C:\Users\LYF\AppData\Local\Programs\Python\Python37\lib\site-packages\django\db\backends\utils.py", line 100, in execute
    return super().execute(sql, params)
  File "C:\Users\LYF\AppData\Local\Programs\Python\Python37\lib\site-packages\django\db\backends\utils.py", line 68, in execute
    return self._execute_with_wrappers(sql, params, many=False, executor=self._execute)
  File "C:\Users\LYF\AppData\Local\Programs\Python\Python37\lib\site-packages\django\db\backends\utils.py", line 77, in _execute_with_wrappers
    return executor(sql, params, many, context)
  File "C:\Users\LYF\AppData\Local\Programs\Python\Python37\lib\site-packages\django\db\backends\utils.py", line 85, in _execute
    return self.cursor.execute(sql, params)
  File "C:\Users\LYF\AppData\Local\Programs\Python\Python37\lib\site-packages\django\db\utils.py", line 89, in __exit__
    raise dj_exc_value.with_traceback(traceback) from exc_value
  File "C:\Users\LYF\AppData\Local\Programs\Python\Python37\lib\site-packages\django\db\backends\utils.py", line 85, in _execute
    return self.cursor.execute(sql, params)
  File "C:\Users\LYF\AppData\Local\Programs\Python\Python37\lib\site-packages\django\db\backends\mysql\base.py", line 71, in execute
    return self.cursor.execute(query, args)
  File "C:\Users\LYF\AppData\Local\Programs\Python\Python37\lib\site-packages\pymysql\cursors.py", line 170, in execute
    result = self._query(query)
  File "C:\Users\LYF\AppData\Local\Programs\Python\Python37\lib\site-packages\pymysql\cursors.py", line 328, in _query
    conn.query(q)
  File "C:\Users\LYF\AppData\Local\Programs\Python\Python37\lib\site-packages\pymysql\connections.py", line 893, in query
    self._affected_rows = self._read_query_result(unbuffered=unbuffered)
  File "C:\Users\LYF\AppData\Local\Programs\Python\Python37\lib\site-packages\pymysql\connections.py", line 1103, in _read_query_result
    result.read()
  File "C:\Users\LYF\AppData\Local\Programs\Python\Python37\lib\site-packages\pymysql\connections.py", line 1396, in read
    first_packet = self.connection._read_packet()
  File "C:\Users\LYF\AppData\Local\Programs\Python\Python37\lib\site-packages\pymysql\connections.py", line 1059, in _read_packet
    packet.check_error()
  File "C:\Users\LYF\AppData\Local\Programs\Python\Python37\lib\site-packages\pymysql\connections.py", line 384, in check_error
    err.raise_mysql_exception(self._data)
  File "C:\Users\LYF\AppData\Local\Programs\Python\Python37\lib\site-packages\pymysql\err.py", line 109, in raise_mysql_exception
    raise errorclass(errno, errval)
django.db.utils.InternalError: (1054, "Unknown column 'blog_article.category_id' in 'field list'")
2018-05-27 02:03:33,921 [Thread-2:2156] [django.request:118] [exception:handle_uncaught_exception] [ERROR]- Internal Server Error: /blog/index
Traceback (most recent call last):
  File "C:\Users\LYF\AppData\Local\Programs\Python\Python37\lib\site-packages\django\db\backends\utils.py", line 85, in _execute
    return self.cursor.execute(sql, params)
  File "C:\Users\LYF\AppData\Local\Programs\Python\Python37\lib\site-packages\django\db\backends\mysql\base.py", line 71, in execute
    return self.cursor.execute(query, args)
  File "C:\Users\LYF\AppData\Local\Programs\Python\Python37\lib\site-packages\pymysql\cursors.py", line 170, in execute
    result = self._query(query)
  File "C:\Users\LYF\AppData\Local\Programs\Python\Python37\lib\site-packages\pymysql\cursors.py", line 328, in _query
    conn.query(q)
  File "C:\Users\LYF\AppData\Local\Programs\Python\Python37\lib\site-packages\pymysql\connections.py", line 893, in query
    self._affected_rows = self._read_query_result(unbuffered=unbuffered)
  File "C:\Users\LYF\AppData\Local\Programs\Python\Python37\lib\site-packages\pymysql\connections.py", line 1103, in _read_query_result
    result.read()
  File "C:\Users\LYF\AppData\Local\Programs\Python\Python37\lib\site-packages\pymysql\connections.py", line 1396, in read
    first_packet = self.connection._read_packet()
  File "C:\Users\LYF\AppData\Local\Programs\Python\Python37\lib\site-packages\pymysql\connections.py", line 1059, in _read_packet
    packet.check_error()
  File "C:\Users\LYF\AppData\Local\Programs\Python\Python37\lib\site-packages\pymysql\connections.py", line 384, in check_error
    err.raise_mysql_exception(self._data)
  File "C:\Users\LYF\AppData\Local\Programs\Python\Python37\lib\site-packages\pymysql\err.py", line 109, in raise_mysql_exception
    raise errorclass(errno, errval)
pymysql.err.InternalError: (1054, "Unknown column 'blog_article.category_id' in 'field list'")

The above exception was the direct cause of the following exception:

Traceback (most recent call last):
  File "C:\Users\LYF\AppData\Local\Programs\Python\Python37\lib\site-packages\django\core\handlers\exception.py", line 35, in inner
    response = get_response(request)
  File "C:\Users\LYF\AppData\Local\Programs\Python\Python37\lib\site-packages\django\core\handlers\base.py", line 128, in _get_response
    response = self.process_exception_by_middleware(e, request)
  File "C:\Users\LYF\AppData\Local\Programs\Python\Python37\lib\site-packages\django\core\handlers\base.py", line 126, in _get_response
    response = wrapped_callback(request, *callback_args, **callback_kwargs)
  File "F:\Code\blog_projecttest1\blog\views.py", line 31, in index
    return render(request,'index.html',locals())
  File "C:\Users\LYF\AppData\Local\Programs\Python\Python37\lib\site-packages\django\shortcuts.py", line 36, in render
    content = loader.render_to_string(template_name, context, request, using=using)
  File "C:\Users\LYF\AppData\Local\Programs\Python\Python37\lib\site-packages\django\template\loader.py", line 62, in render_to_string
    return template.render(context, request)
  File "C:\Users\LYF\AppData\Local\Programs\Python\Python37\lib\site-packages\django\template\backends\django.py", line 61, in render
    return self.template.render(context)
  File "C:\Users\LYF\AppData\Local\Programs\Python\Python37\lib\site-packages\django\template\base.py", line 175, in render
    return self._render(context)
  File "C:\Users\LYF\AppData\Local\Programs\Python\Python37\lib\site-packages\django\template\base.py", line 167, in _render
    return self.nodelist.render(context)
  File "C:\Users\LYF\AppData\Local\Programs\Python\Python37\lib\site-packages\django\template\base.py", line 943, in render
    bit = node.render_annotated(context)
  File "C:\Users\LYF\AppData\Local\Programs\Python\Python37\lib\site-packages\django\template\base.py", line 910, in render_annotated
    return self.render(context)
  File "C:\Users\LYF\AppData\Local\Programs\Python\Python37\lib\site-packages\django\template\loader_tags.py", line 155, in render
    return compiled_parent._render(context)
  File "C:\Users\LYF\AppData\Local\Programs\Python\Python37\lib\site-packages\django\template\base.py", line 167, in _render
    return self.nodelist.render(context)
  File "C:\Users\LYF\AppData\Local\Programs\Python\Python37\lib\site-packages\django\template\base.py", line 943, in render
    bit = node.render_annotated(context)
  File "C:\Users\LYF\AppData\Local\Programs\Python\Python37\lib\site-packages\django\template\base.py", line 910, in render_annotated
    return self.render(context)
  File "C:\Users\LYF\AppData\Local\Programs\Python\Python37\lib\site-packages\django\template\loader_tags.py", line 67, in render
    result = block.nodelist.render(context)
  File "C:\Users\LYF\AppData\Local\Programs\Python\Python37\lib\site-packages\django\template\base.py", line 943, in render
    bit = node.render_annotated(context)
  File "C:\Users\LYF\AppData\Local\Programs\Python\Python37\lib\site-packages\django\template\base.py", line 910, in render_annotated
    return self.render(context)
  File "C:\Users\LYF\AppData\Local\Programs\Python\Python37\lib\site-packages\django\template\defaulttags.py", line 168, in render
    len_values = len(values)
  File "C:\Users\LYF\AppData\Local\Programs\Python\Python37\lib\site-packages\django\core\paginator.py", line 141, in __len__
    return len(self.object_list)
  File "C:\Users\LYF\AppData\Local\Programs\Python\Python37\lib\site-packages\django\db\models\query.py", line 254, in __len__
    self._fetch_all()
  File "C:\Users\LYF\AppData\Local\Programs\Python\Python37\lib\site-packages\django\db\models\query.py", line 1179, in _fetch_all
    self._result_cache = list(self._iterable_class(self))
  File "C:\Users\LYF\AppData\Local\Programs\Python\Python37\lib\site-packages\django\db\models\query.py", line 53, in __iter__
    results = compiler.execute_sql(chunked_fetch=self.chunked_fetch, chunk_size=self.chunk_size)
  File "C:\Users\LYF\AppData\Local\Programs\Python\Python37\lib\site-packages\django\db\models\sql\compiler.py", line 1064, in execute_sql
    cursor.execute(sql, params)
  File "C:\Users\LYF\AppData\Local\Programs\Python\Python37\lib\site-packages\django\db\backends\utils.py", line 100, in execute
    return super().execute(sql, params)
  File "C:\Users\LYF\AppData\Local\Programs\Python\Python37\lib\site-packages\django\db\backends\utils.py", line 68, in execute
    return self._execute_with_wrappers(sql, params, many=False, executor=self._execute)
  File "C:\Users\LYF\AppData\Local\Programs\Python\Python37\lib\site-packages\django\db\backends\utils.py", line 77, in _execute_with_wrappers
    return executor(sql, params, many, context)
  File "C:\Users\LYF\AppData\Local\Programs\Python\Python37\lib\site-packages\django\db\backends\utils.py", line 85, in _execute
    return self.cursor.execute(sql, params)
  File "C:\Users\LYF\AppData\Local\Programs\Python\Python37\lib\site-packages\django\db\utils.py", line 89, in __exit__
    raise dj_exc_value.with_traceback(traceback) from exc_value
  File "C:\Users\LYF\AppData\Local\Programs\Python\Python37\lib\site-packages\django\db\backends\utils.py", line 85, in _execute
    return self.cursor.execute(sql, params)
  File "C:\Users\LYF\AppData\Local\Programs\Python\Python37\lib\site-packages\django\db\backends\mysql\base.py", line 71, in execute
    return self.cursor.execute(query, args)
  File "C:\Users\LYF\AppData\Local\Programs\Python\Python37\lib\site-packages\pymysql\cursors.py", line 170, in execute
    result = self._query(query)
  File "C:\Users\LYF\AppData\Local\Programs\Python\Python37\lib\site-packages\pymysql\cursors.py", line 328, in _query
    conn.query(q)
  File "C:\Users\LYF\AppData\Local\Programs\Python\Python37\lib\site-packages\pymysql\connections.py", line 893, in query
    self._affected_rows = self._read_query_result(unbuffered=unbuffered)
  File "C:\Users\LYF\AppData\Local\Programs\Python\Python37\lib\site-packages\pymysql\connections.py", line 1103, in _read_query_result
    result.read()
  File "C:\Users\LYF\AppData\Local\Programs\Python\Python37\lib\site-packages\pymysql\connections.py", line 1396, in read
    first_packet = self.connection._read_packet()
  File "C:\Users\LYF\AppData\Local\Programs\Python\Python37\lib\site-packages\pymysql\connections.py", line 1059, in _read_packet
    packet.check_error()
  File "C:\Users\LYF\AppData\Local\Programs\Python\Python37\lib\site-packages\pymysql\connections.py", line 384, in check_error
    err.raise_mysql_exception(self._data)
  File "C:\Users\LYF\AppData\Local\Programs\Python\Python37\lib\site-packages\pymysql\err.py", line 109, in raise_mysql_exception
    raise errorclass(errno, errval)
django.db.utils.InternalError: (1054, "Unknown column 'blog_article.category_id' in 'field list'")
2018-05-27 09:56:10,008 [Thread-3:4188] [django.request:93] [base:get_response] [WARNING]- Not Found: /favicon.ico
2018-05-27 10:08:22,247 [Thread-15:5704] [django.request:93] [base:get_response] [WARNING]- Not Found: /
2018-05-27 11:00:42,208 [Thread-244:6060] [django.request:93] [base:get_response] [WARNING]- Not Found: /
2018-05-27 11:06:16,191 [Thread-321:5412] [django.request:93] [base:get_response] [WARNING]- Not Found: /blog/pageScroll()
2018-05-27 11:06:19,658 [Thread-322:1060] [django.request:93] [base:get_response] [WARNING]- Not Found: /blog/pageScroll()
2018-05-27 11:07:14,105 [Thread-329:4204] [django.request:93] [base:get_response] [WARNING]- Not Found: /blog/pageScroll()
2018-05-27 11:07:21,586 [Thread-330:3740] [django.request:93] [base:get_response] [WARNING]- Not Found: /blog/pageScroll()
2018-05-27 11:07:26,442 [Thread-331:2724] [django.request:93] [base:get_response] [WARNING]- Not Found: /blog/pageScroll()
2018-05-27 11:15:20,989 [Thread-493:6036] [django.request:93] [base:get_response] [WARNING]- Not Found: /blog/base.html
2018-05-27 15:37:45,504 [Thread-21:6044] [django.request:93] [base:get_response] [WARNING]- Not Found: /favicon.ico
2018-05-27 15:53:34,008 [Thread-2:4212] [django.request:118] [exception:handle_uncaught_exception] [ERROR]- Internal Server Error: /blog/index
Traceback (most recent call last):
  File "C:\Users\LYF\AppData\Local\Programs\Python\Python37\lib\site-packages\django\core\handlers\exception.py", line 35, in inner
    response = get_response(request)
  File "C:\Users\LYF\AppData\Local\Programs\Python\Python37\lib\site-packages\django\core\handlers\base.py", line 128, in _get_response
    response = self.process_exception_by_middleware(e, request)
  File "C:\Users\LYF\AppData\Local\Programs\Python\Python37\lib\site-packages\django\core\handlers\base.py", line 126, in _get_response
    response = wrapped_callback(request, *callback_args, **callback_kwargs)
  File "F:\Code\blog_projecttest1\blog\views.py", line 39, in index
    return render(request,'index.html',locals())
  File "C:\Users\LYF\AppData\Local\Programs\Python\Python37\lib\site-packages\django\shortcuts.py", line 36, in render
    content = loader.render_to_string(template_name, context, request, using=using)
  File "C:\Users\LYF\AppData\Local\Programs\Python\Python37\lib\site-packages\django\template\loader.py", line 62, in render_to_string
    return template.render(context, request)
  File "C:\Users\LYF\AppData\Local\Programs\Python\Python37\lib\site-packages\django\template\backends\django.py", line 61, in render
    return self.template.render(context)
  File "C:\Users\LYF\AppData\Local\Programs\Python\Python37\lib\site-packages\django\template\base.py", line 173, in render
    with context.bind_template(self):
  File "C:\Users\LYF\AppData\Local\Programs\Python\Python37\lib\contextlib.py", line 112, in __enter__
    return next(self.gen)
  File "C:\Users\LYF\AppData\Local\Programs\Python\Python37\lib\site-packages\django\template\context.py", line 250, in bind_template
    updates.update(processor(self.request))
TypeError: global_setting() takes 0 positional arguments but 1 was given
2018-05-27 16:15:54,193 [Thread-4:2704] [django.request:93] [base:get_response] [WARNING]- Not Found: /blog/<% =article.content %>
2018-05-27 16:16:46,640 [Thread-8:6432] [django.request:93] [base:get_response] [WARNING]- Not Found: /blog/<% =article.content %>
2018-05-27 16:16:49,469 [Thread-9:6776] [django.request:93] [base:get_response] [WARNING]- Not Found: /blog/<% =article.content %>
2018-05-27 16:52:50,706 [Thread-4:4720] [django.request:93] [base:get_response] [WARNING]- Not Found: /blog/article.content
2018-05-27 16:53:35,194 [Thread-8:2528] [django.request:93] [base:get_response] [WARNING]- Not Found: /blog/article.content
2018-05-27 16:56:57,185 [Thread-16:3764] [django.request:93] [base:get_response] [WARNING]- Not Found: /blog/
2018-05-27 16:57:39,186 [Thread-21:4268] [django.request:93] [base:get_response] [WARNING]- Not Found: /blog/
2018-05-27 16:57:42,093 [Thread-22:1612] [django.request:93] [base:get_response] [WARNING]- Not Found: /blog/
2018-05-27 16:57:45,422 [Thread-23:5172] [django.request:93] [base:get_response] [WARNING]- Not Found: /blog/12381 +
2018-05-27 16:58:37,253 [Thread-36:6484] [django.request:93] [base:get_response] [WARNING]- Not Found: /blog/baidu.com
2018-05-27 16:59:34,895 [Thread-2:6688] [django.request:93] [base:get_response] [WARNING]- Not Found: /baidu.com
2018-05-27 16:59:58,595 [Thread-9:5316] [django.request:93] [base:get_response] [WARNING]- Not Found: /blog/index
2018-05-27 17:00:47,633 [Thread-15:3892] [django.request:93] [base:get_response] [WARNING]- Not Found: /
2018-05-27 20:11:11,669 [Thread-2:4896] [django.request:93] [base:get_response] [WARNING]- Not Found: /base.html
2018-05-27 20:11:14,370 [Thread-3:5336] [django.request:93] [base:get_response] [WARNING]- Not Found: /base.html
2018-05-27 20:16:35,429 [Thread-7:2856] [django.request:93] [base:get_response] [WARNING]- Not Found: /AI.html
2018-05-27 20:18:38,693 [Thread-12:6240] [django.request:93] [base:get_response] [WARNING]- Not Found: /AI.html
2018-05-27 20:20:44,042 [Thread-23:2540] [django.request:93] [base:get_response] [WARNING]- Not Found: /AI.html
2018-05-27 20:30:12,299 [Thread-2:7032] [django.request:93] [base:get_response] [WARNING]- Not Found: /AI.html
2018-05-27 22:27:07,743 [Thread-7:6824] [django.request:93] [base:get_response] [WARNING]- Not Found: /article.html
2018-05-27 22:27:12,125 [Thread-8:6216] [django.request:93] [base:get_response] [WARNING]- Not Found: /article.html
2018-05-27 22:30:14,935 [Thread-2:932] [django.request:93] [base:get_response] [WARNING]- Not Found: /article.html
2018-05-27 22:31:13,255 [Thread-4:772] [django.request:93] [base:get_response] [WARNING]- Not Found: /article.html
2018-05-27 23:18:10,957 [Thread-499:6124] [django.request:93] [base:get_response] [WARNING]- Not Found: /
2018-05-28 01:10:06,413 [Thread-2:5700] [django.request:118] [exception:handle_uncaught_exception] [ERROR]- Internal Server Error: /article
Traceback (most recent call last):
  File "C:\Users\LYF\AppData\Local\Programs\Python\Python37\lib\site-packages\django\utils\module_loading.py", line 20, in import_string
    return getattr(module, class_name)
AttributeError: module 'blog.views' has no attribute 'global_setting'

The above exception was the direct cause of the following exception:

Traceback (most recent call last):
  File "C:\Users\LYF\AppData\Local\Programs\Python\Python37\lib\site-packages\django\core\handlers\exception.py", line 35, in inner
    response = get_response(request)
  File "C:\Users\LYF\AppData\Local\Programs\Python\Python37\lib\site-packages\django\core\handlers\base.py", line 128, in _get_response
    response = self.process_exception_by_middleware(e, request)
  File "C:\Users\LYF\AppData\Local\Programs\Python\Python37\lib\site-packages\django\core\handlers\base.py", line 126, in _get_response
    response = wrapped_callback(request, *callback_args, **callback_kwargs)
  File "F:\Code\blog_projecttest1\blog\views.py", line 38, in index
    return render(request,'index.html',locals())
  File "C:\Users\LYF\AppData\Local\Programs\Python\Python37\lib\site-packages\django\shortcuts.py", line 36, in render
    content = loader.render_to_string(template_name, context, request, using=using)
  File "C:\Users\LYF\AppData\Local\Programs\Python\Python37\lib\site-packages\django\template\loader.py", line 62, in render_to_string
    return template.render(context, request)
  File "C:\Users\LYF\AppData\Local\Programs\Python\Python37\lib\site-packages\django\template\backends\django.py", line 61, in render
    return self.template.render(context)
  File "C:\Users\LYF\AppData\Local\Programs\Python\Python37\lib\site-packages\django\template\base.py", line 173, in render
    with context.bind_template(self):
  File "C:\Users\LYF\AppData\Local\Programs\Python\Python37\lib\contextlib.py", line 112, in __enter__
    return next(self.gen)
  File "C:\Users\LYF\AppData\Local\Programs\Python\Python37\lib\site-packages\django\template\context.py", line 246, in bind_template
    processors = (template.engine.template_context_processors +
  File "C:\Users\LYF\AppData\Local\Programs\Python\Python37\lib\site-packages\django\utils\functional.py", line 36, in __get__
    res = instance.__dict__[self.name] = self.func(instance)
  File "C:\Users\LYF\AppData\Local\Programs\Python\Python37\lib\site-packages\django\template\engine.py", line 85, in template_context_processors
    return tuple(import_string(path) for path in context_processors)
  File "C:\Users\LYF\AppData\Local\Programs\Python\Python37\lib\site-packages\django\template\engine.py", line 85, in <genexpr>
    return tuple(import_string(path) for path in context_processors)
  File "C:\Users\LYF\AppData\Local\Programs\Python\Python37\lib\site-packages\django\utils\module_loading.py", line 24, in import_string
    ) from err
ImportError: Module "blog.views" does not define a "global_setting" attribute/class
2018-05-28 01:10:24,842 [Thread-6:7200] [django.request:118] [exception:handle_uncaught_exception] [ERROR]- Internal Server Error: /admin/login/
Traceback (most recent call last):
  File "C:\Users\LYF\AppData\Local\Programs\Python\Python37\lib\site-packages\django\utils\module_loading.py", line 20, in import_string
    return getattr(module, class_name)
AttributeError: module 'blog.views' has no attribute 'global_setting'

The above exception was the direct cause of the following exception:

Traceback (most recent call last):
  File "C:\Users\LYF\AppData\Local\Programs\Python\Python37\lib\site-packages\django\core\handlers\exception.py", line 35, in inner
    response = get_response(request)
  File "C:\Users\LYF\AppData\Local\Programs\Python\Python37\lib\site-packages\django\core\handlers\base.py", line 158, in _get_response
    response = self.process_exception_by_middleware(e, request)
  File "C:\Users\LYF\AppData\Local\Programs\Python\Python37\lib\site-packages\django\core\handlers\base.py", line 156, in _get_response
    response = response.render()
  File "C:\Users\LYF\AppData\Local\Programs\Python\Python37\lib\site-packages\django\template\response.py", line 106, in render
    self.content = self.rendered_content
  File "C:\Users\LYF\AppData\Local\Programs\Python\Python37\lib\site-packages\django\template\response.py", line 83, in rendered_content
    content = template.render(context, self._request)
  File "C:\Users\LYF\AppData\Local\Programs\Python\Python37\lib\site-packages\django\template\backends\django.py", line 61, in render
    return self.template.render(context)
  File "C:\Users\LYF\AppData\Local\Programs\Python\Python37\lib\site-packages\django\template\base.py", line 173, in render
    with context.bind_template(self):
  File "C:\Users\LYF\AppData\Local\Programs\Python\Python37\lib\contextlib.py", line 112, in __enter__
    return next(self.gen)
  File "C:\Users\LYF\AppData\Local\Programs\Python\Python37\lib\site-packages\django\template\context.py", line 246, in bind_template
    processors = (template.engine.template_context_processors +
  File "C:\Users\LYF\AppData\Local\Programs\Python\Python37\lib\site-packages\django\utils\functional.py", line 36, in __get__
    res = instance.__dict__[self.name] = self.func(instance)
  File "C:\Users\LYF\AppData\Local\Programs\Python\Python37\lib\site-packages\django\template\engine.py", line 85, in template_context_processors
    return tuple(import_string(path) for path in context_processors)
  File "C:\Users\LYF\AppData\Local\Programs\Python\Python37\lib\site-packages\django\template\engine.py", line 85, in <genexpr>
    return tuple(import_string(path) for path in context_processors)
  File "C:\Users\LYF\AppData\Local\Programs\Python\Python37\lib\site-packages\django\utils\module_loading.py", line 24, in import_string
    ) from err
ImportError: Module "blog.views" does not define a "global_setting" attribute/class
2018-05-28 01:33:25,819 [Thread-7:2136] [django.request:93] [base:get_response] [WARNING]- Not Found: /AI.html
2018-05-28 01:34:25,758 [Thread-12:7992] [django.request:93] [base:get_response] [WARNING]- Not Found: /AI.html
2018-05-28 01:35:06,680 [Thread-2:868] [django.request:93] [base:get_response] [WARNING]- Not Found: /AI.html
2018-05-28 01:46:02,758 [Thread-2:5772] [django.request:93] [base:get_response] [WARNING]- Not Found: /
2018-05-28 01:48:10,892 [Thread-8:6468] [django.request:93] [base:get_response] [WARNING]- Not Found: /
2018-05-28 01:48:41,300 [Thread-14:7184] [django.request:93] [base:get_response] [WARNING]- Not Found: /blog/index
2018-05-28 01:49:03,499 [Thread-21:3440] [django.request:93] [base:get_response] [WARNING]- Not Found: /base.html
2018-05-28 02:04:35,775 [Thread-3:8048] [django.request:93] [base:get_response] [WARNING]- Not Found: /blog/AI
2018-05-28 02:12:51,508 [Thread-8:4324] [django.request:118] [exception:handle_uncaught_exception] [ERROR]- Internal Server Error: /AI
Traceback (most recent call last):
  File "C:\Users\LYF\AppData\Local\Programs\Python\Python37\lib\site-packages\django\core\handlers\exception.py", line 35, in inner
    response = get_response(request)
  File "C:\Users\LYF\AppData\Local\Programs\Python\Python37\lib\site-packages\django\core\handlers\base.py", line 128, in _get_response
    response = self.process_exception_by_middleware(e, request)
  File "C:\Users\LYF\AppData\Local\Programs\Python\Python37\lib\site-packages\django\core\handlers\base.py", line 126, in _get_response
    response = wrapped_callback(request, *callback_args, **callback_kwargs)
  File "F:\Code\blog_projecttest1\blog\views.py", line 42, in AI
    return render(request,'Ai.html',locals())
  File "C:\Users\LYF\AppData\Local\Programs\Python\Python37\lib\site-packages\django\shortcuts.py", line 36, in render
    content = loader.render_to_string(template_name, context, request, using=using)
  File "C:\Users\LYF\AppData\Local\Programs\Python\Python37\lib\site-packages\django\template\loader.py", line 61, in render_to_string
    template = get_template(template_name, using=using)
  File "C:\Users\LYF\AppData\Local\Programs\Python\Python37\lib\site-packages\django\template\loader.py", line 15, in get_template
    return engine.get_template(template_name)
  File "C:\Users\LYF\AppData\Local\Programs\Python\Python37\lib\site-packages\django\template\backends\django.py", line 34, in get_template
    return Template(self.engine.get_template(template_name), self)
  File "C:\Users\LYF\AppData\Local\Programs\Python\Python37\lib\site-packages\django\template\engine.py", line 144, in get_template
    template, origin = self.find_template(template_name)
  File "C:\Users\LYF\AppData\Local\Programs\Python\Python37\lib\site-packages\django\template\engine.py", line 126, in find_template
    template = loader.get_template(name, skip=skip)
  File "C:\Users\LYF\AppData\Local\Programs\Python\Python37\lib\site-packages\django\template\loaders\base.py", line 30, in get_template
    contents, origin, origin.template_name, self.engine,
  File "C:\Users\LYF\AppData\Local\Programs\Python\Python37\lib\site-packages\django\template\base.py", line 160, in __init__
    self.nodelist = self.compile_nodelist()
  File "C:\Users\LYF\AppData\Local\Programs\Python\Python37\lib\site-packages\django\template\base.py", line 198, in compile_nodelist
    return parser.parse()
  File "C:\Users\LYF\AppData\Local\Programs\Python\Python37\lib\site-packages\django\template\base.py", line 483, in parse
    raise self.error(token, e)
  File "C:\Users\LYF\AppData\Local\Programs\Python\Python37\lib\site-packages\django\template\base.py", line 481, in parse
    compiled_result = compile_func(self, token)
  File "C:\Users\LYF\AppData\Local\Programs\Python\Python37\lib\site-packages\django\template\defaulttags.py", line 815, in do_for
    nodelist_loop = parser.parse(('empty', 'endfor',))
  File "C:\Users\LYF\AppData\Local\Programs\Python\Python37\lib\site-packages\django\template\base.py", line 488, in parse
    self.unclosed_block_tag(parse_until)
  File "C:\Users\LYF\AppData\Local\Programs\Python\Python37\lib\site-packages\django\template\base.py", line 549, in unclosed_block_tag
    raise self.error(token, msg)
django.template.exceptions.TemplateSyntaxError: Unclosed tag on line 93: 'for'. Looking for one of: empty, endfor.
2018-05-28 02:13:07,985 [Thread-10:7708] [django.request:118] [exception:handle_uncaught_exception] [ERROR]- Internal Server Error: /AI
Traceback (most recent call last):
  File "C:\Users\LYF\AppData\Local\Programs\Python\Python37\lib\site-packages\django\core\handlers\exception.py", line 35, in inner
    response = get_response(request)
  File "C:\Users\LYF\AppData\Local\Programs\Python\Python37\lib\site-packages\django\core\handlers\base.py", line 128, in _get_response
    response = self.process_exception_by_middleware(e, request)
  File "C:\Users\LYF\AppData\Local\Programs\Python\Python37\lib\site-packages\django\core\handlers\base.py", line 126, in _get_response
    response = wrapped_callback(request, *callback_args, **callback_kwargs)
  File "F:\Code\blog_projecttest1\blog\views.py", line 42, in AI
    return render(request,'Ai.html',locals())
  File "C:\Users\LYF\AppData\Local\Programs\Python\Python37\lib\site-packages\django\shortcuts.py", line 36, in render
    content = loader.render_to_string(template_name, context, request, using=using)
  File "C:\Users\LYF\AppData\Local\Programs\Python\Python37\lib\site-packages\django\template\loader.py", line 61, in render_to_string
    template = get_template(template_name, using=using)
  File "C:\Users\LYF\AppData\Local\Programs\Python\Python37\lib\site-packages\django\template\loader.py", line 15, in get_template
    return engine.get_template(template_name)
  File "C:\Users\LYF\AppData\Local\Programs\Python\Python37\lib\site-packages\django\template\backends\django.py", line 34, in get_template
    return Template(self.engine.get_template(template_name), self)
  File "C:\Users\LYF\AppData\Local\Programs\Python\Python37\lib\site-packages\django\template\engine.py", line 144, in get_template
    template, origin = self.find_template(template_name)
  File "C:\Users\LYF\AppData\Local\Programs\Python\Python37\lib\site-packages\django\template\engine.py", line 126, in find_template
    template = loader.get_template(name, skip=skip)
  File "C:\Users\LYF\AppData\Local\Programs\Python\Python37\lib\site-packages\django\template\loaders\base.py", line 30, in get_template
    contents, origin, origin.template_name, self.engine,
  File "C:\Users\LYF\AppData\Local\Programs\Python\Python37\lib\site-packages\django\template\base.py", line 160, in __init__
    self.nodelist = self.compile_nodelist()
  File "C:\Users\LYF\AppData\Local\Programs\Python\Python37\lib\site-packages\django\template\base.py", line 198, in compile_nodelist
    return parser.parse()
  File "C:\Users\LYF\AppData\Local\Programs\Python\Python37\lib\site-packages\django\template\base.py", line 483, in parse
    raise self.error(token, e)
  File "C:\Users\LYF\AppData\Local\Programs\Python\Python37\lib\site-packages\django\template\base.py", line 481, in parse
    compiled_result = compile_func(self, token)
  File "C:\Users\LYF\AppData\Local\Programs\Python\Python37\lib\site-packages\django\template\defaulttags.py", line 815, in do_for
    nodelist_loop = parser.parse(('empty', 'endfor',))
  File "C:\Users\LYF\AppData\Local\Programs\Python\Python37\lib\site-packages\django\template\base.py", line 488, in parse
    self.unclosed_block_tag(parse_until)
  File "C:\Users\LYF\AppData\Local\Programs\Python\Python37\lib\site-packages\django\template\base.py", line 549, in unclosed_block_tag
    raise self.error(token, msg)
django.template.exceptions.TemplateSyntaxError: Unclosed tag on line 93: 'for'. Looking for one of: empty, endfor.
2018-05-28 02:13:52,268 [Thread-16:6456] [django.request:118] [exception:handle_uncaught_exception] [ERROR]- Internal Server Error: /AI
Traceback (most recent call last):
  File "C:\Users\LYF\AppData\Local\Programs\Python\Python37\lib\site-packages\django\core\handlers\exception.py", line 35, in inner
    response = get_response(request)
  File "C:\Users\LYF\AppData\Local\Programs\Python\Python37\lib\site-packages\django\core\handlers\base.py", line 128, in _get_response
    response = self.process_exception_by_middleware(e, request)
  File "C:\Users\LYF\AppData\Local\Programs\Python\Python37\lib\site-packages\django\core\handlers\base.py", line 126, in _get_response
    response = wrapped_callback(request, *callback_args, **callback_kwargs)
  File "F:\Code\blog_projecttest1\blog\views.py", line 42, in AI
    return render(request,'Ai.html',locals())
  File "C:\Users\LYF\AppData\Local\Programs\Python\Python37\lib\site-packages\django\shortcuts.py", line 36, in render
    content = loader.render_to_string(template_name, context, request, using=using)
  File "C:\Users\LYF\AppData\Local\Programs\Python\Python37\lib\site-packages\django\template\loader.py", line 61, in render_to_string
    template = get_template(template_name, using=using)
  File "C:\Users\LYF\AppData\Local\Programs\Python\Python37\lib\site-packages\django\template\loader.py", line 15, in get_template
    return engine.get_template(template_name)
  File "C:\Users\LYF\AppData\Local\Programs\Python\Python37\lib\site-packages\django\template\backends\django.py", line 34, in get_template
    return Template(self.engine.get_template(template_name), self)
  File "C:\Users\LYF\AppData\Local\Programs\Python\Python37\lib\site-packages\django\template\engine.py", line 144, in get_template
    template, origin = self.find_template(template_name)
  File "C:\Users\LYF\AppData\Local\Programs\Python\Python37\lib\site-packages\django\template\engine.py", line 126, in find_template
    template = loader.get_template(name, skip=skip)
  File "C:\Users\LYF\AppData\Local\Programs\Python\Python37\lib\site-packages\django\template\loaders\base.py", line 30, in get_template
    contents, origin, origin.template_name, self.engine,
  File "C:\Users\LYF\AppData\Local\Programs\Python\Python37\lib\site-packages\django\template\base.py", line 160, in __init__
    self.nodelist = self.compile_nodelist()
  File "C:\Users\LYF\AppData\Local\Programs\Python\Python37\lib\site-packages\django\template\base.py", line 198, in compile_nodelist
    return parser.parse()
  File "C:\Users\LYF\AppData\Local\Programs\Python\Python37\lib\site-packages\django\template\base.py", line 483, in parse
    raise self.error(token, e)
  File "C:\Users\LYF\AppData\Local\Programs\Python\Python37\lib\site-packages\django\template\base.py", line 481, in parse
    compiled_result = compile_func(self, token)
  File "C:\Users\LYF\AppData\Local\Programs\Python\Python37\lib\site-packages\django\template\defaulttags.py", line 815, in do_for
    nodelist_loop = parser.parse(('empty', 'endfor',))
  File "C:\Users\LYF\AppData\Local\Programs\Python\Python37\lib\site-packages\django\template\base.py", line 488, in parse
    self.unclosed_block_tag(parse_until)
  File "C:\Users\LYF\AppData\Local\Programs\Python\Python37\lib\site-packages\django\template\base.py", line 549, in unclosed_block_tag
    raise self.error(token, msg)
django.template.exceptions.TemplateSyntaxError: Unclosed tag on line 93: 'for'. Looking for one of: empty, endfor.
2018-05-28 02:13:58,989 [Thread-23:4556] [django.request:118] [exception:handle_uncaught_exception] [ERROR]- Internal Server Error: /AI
Traceback (most recent call last):
  File "C:\Users\LYF\AppData\Local\Programs\Python\Python37\lib\site-packages\django\core\handlers\exception.py", line 35, in inner
    response = get_response(request)
  File "C:\Users\LYF\AppData\Local\Programs\Python\Python37\lib\site-packages\django\core\handlers\base.py", line 128, in _get_response
    response = self.process_exception_by_middleware(e, request)
  File "C:\Users\LYF\AppData\Local\Programs\Python\Python37\lib\site-packages\django\core\handlers\base.py", line 126, in _get_response
    response = wrapped_callback(request, *callback_args, **callback_kwargs)
  File "F:\Code\blog_projecttest1\blog\views.py", line 42, in AI
    return render(request,'Ai.html',locals())
  File "C:\Users\LYF\AppData\Local\Programs\Python\Python37\lib\site-packages\django\shortcuts.py", line 36, in render
    content = loader.render_to_string(template_name, context, request, using=using)
  File "C:\Users\LYF\AppData\Local\Programs\Python\Python37\lib\site-packages\django\template\loader.py", line 61, in render_to_string
    template = get_template(template_name, using=using)
  File "C:\Users\LYF\AppData\Local\Programs\Python\Python37\lib\site-packages\django\template\loader.py", line 15, in get_template
    return engine.get_template(template_name)
  File "C:\Users\LYF\AppData\Local\Programs\Python\Python37\lib\site-packages\django\template\backends\django.py", line 34, in get_template
    return Template(self.engine.get_template(template_name), self)
  File "C:\Users\LYF\AppData\Local\Programs\Python\Python37\lib\site-packages\django\template\engine.py", line 144, in get_template
    template, origin = self.find_template(template_name)
  File "C:\Users\LYF\AppData\Local\Programs\Python\Python37\lib\site-packages\django\template\engine.py", line 126, in find_template
    template = loader.get_template(name, skip=skip)
  File "C:\Users\LYF\AppData\Local\Programs\Python\Python37\lib\site-packages\django\template\loaders\base.py", line 30, in get_template
    contents, origin, origin.template_name, self.engine,
  File "C:\Users\LYF\AppData\Local\Programs\Python\Python37\lib\site-packages\django\template\base.py", line 160, in __init__
    self.nodelist = self.compile_nodelist()
  File "C:\Users\LYF\AppData\Local\Programs\Python\Python37\lib\site-packages\django\template\base.py", line 198, in compile_nodelist
    return parser.parse()
  File "C:\Users\LYF\AppData\Local\Programs\Python\Python37\lib\site-packages\django\template\base.py", line 483, in parse
    raise self.error(token, e)
  File "C:\Users\LYF\AppData\Local\Programs\Python\Python37\lib\site-packages\django\template\base.py", line 481, in parse
    compiled_result = compile_func(self, token)
  File "C:\Users\LYF\AppData\Local\Programs\Python\Python37\lib\site-packages\django\template\defaulttags.py", line 815, in do_for
    nodelist_loop = parser.parse(('empty', 'endfor',))
  File "C:\Users\LYF\AppData\Local\Programs\Python\Python37\lib\site-packages\django\template\base.py", line 488, in parse
    self.unclosed_block_tag(parse_until)
  File "C:\Users\LYF\AppData\Local\Programs\Python\Python37\lib\site-packages\django\template\base.py", line 549, in unclosed_block_tag
    raise self.error(token, msg)
django.template.exceptions.TemplateSyntaxError: Unclosed tag on line 93: 'for'. Looking for one of: empty, endfor.
2018-05-28 02:24:37,329 [Thread-2:1028] [django.request:118] [exception:handle_uncaught_exception] [ERROR]- Internal Server Error: /AI
Traceback (most recent call last):
  File "C:\Users\LYF\AppData\Local\Programs\Python\Python37\lib\site-packages\django\core\handlers\exception.py", line 35, in inner
    response = get_response(request)
  File "C:\Users\LYF\AppData\Local\Programs\Python\Python37\lib\site-packages\django\core\handlers\base.py", line 128, in _get_response
    response = self.process_exception_by_middleware(e, request)
  File "C:\Users\LYF\AppData\Local\Programs\Python\Python37\lib\site-packages\django\core\handlers\base.py", line 126, in _get_response
    response = wrapped_callback(request, *callback_args, **callback_kwargs)
  File "F:\Code\blog_projecttest1\blog\views.py", line 40, in AI
    return render(request,'Ai.html',locals())
  File "C:\Users\LYF\AppData\Local\Programs\Python\Python37\lib\site-packages\django\shortcuts.py", line 36, in render
    content = loader.render_to_string(template_name, context, request, using=using)
  File "C:\Users\LYF\AppData\Local\Programs\Python\Python37\lib\site-packages\django\template\loader.py", line 61, in render_to_string
    template = get_template(template_name, using=using)
  File "C:\Users\LYF\AppData\Local\Programs\Python\Python37\lib\site-packages\django\template\loader.py", line 15, in get_template
    return engine.get_template(template_name)
  File "C:\Users\LYF\AppData\Local\Programs\Python\Python37\lib\site-packages\django\template\backends\django.py", line 34, in get_template
    return Template(self.engine.get_template(template_name), self)
  File "C:\Users\LYF\AppData\Local\Programs\Python\Python37\lib\site-packages\django\template\engine.py", line 144, in get_template
    template, origin = self.find_template(template_name)
  File "C:\Users\LYF\AppData\Local\Programs\Python\Python37\lib\site-packages\django\template\engine.py", line 126, in find_template
    template = loader.get_template(name, skip=skip)
  File "C:\Users\LYF\AppData\Local\Programs\Python\Python37\lib\site-packages\django\template\loaders\base.py", line 30, in get_template
    contents, origin, origin.template_name, self.engine,
  File "C:\Users\LYF\AppData\Local\Programs\Python\Python37\lib\site-packages\django\template\base.py", line 160, in __init__
    self.nodelist = self.compile_nodelist()
  File "C:\Users\LYF\AppData\Local\Programs\Python\Python37\lib\site-packages\django\template\base.py", line 198, in compile_nodelist
    return parser.parse()
  File "C:\Users\LYF\AppData\Local\Programs\Python\Python37\lib\site-packages\django\template\base.py", line 483, in parse
    raise self.error(token, e)
  File "C:\Users\LYF\AppData\Local\Programs\Python\Python37\lib\site-packages\django\template\base.py", line 481, in parse
    compiled_result = compile_func(self, token)
  File "C:\Users\LYF\AppData\Local\Programs\Python\Python37\lib\site-packages\django\template\defaulttags.py", line 815, in do_for
    nodelist_loop = parser.parse(('empty', 'endfor',))
  File "C:\Users\LYF\AppData\Local\Programs\Python\Python37\lib\site-packages\django\template\base.py", line 488, in parse
    self.unclosed_block_tag(parse_until)
  File "C:\Users\LYF\AppData\Local\Programs\Python\Python37\lib\site-packages\django\template\base.py", line 549, in unclosed_block_tag
    raise self.error(token, msg)
django.template.exceptions.TemplateSyntaxError: Unclosed tag on line 93: 'for'. Looking for one of: empty, endfor.
2018-05-28 02:24:53,608 [Thread-4:5948] [django.request:118] [exception:handle_uncaught_exception] [ERROR]- Internal Server Error: /AI
Traceback (most recent call last):
  File "C:\Users\LYF\AppData\Local\Programs\Python\Python37\lib\site-packages\django\core\handlers\exception.py", line 35, in inner
    response = get_response(request)
  File "C:\Users\LYF\AppData\Local\Programs\Python\Python37\lib\site-packages\django\core\handlers\base.py", line 128, in _get_response
    response = self.process_exception_by_middleware(e, request)
  File "C:\Users\LYF\AppData\Local\Programs\Python\Python37\lib\site-packages\django\core\handlers\base.py", line 126, in _get_response
    response = wrapped_callback(request, *callback_args, **callback_kwargs)
  File "F:\Code\blog_projecttest1\blog\views.py", line 40, in AI
    return render(request,'Ai.html',locals())
  File "C:\Users\LYF\AppData\Local\Programs\Python\Python37\lib\site-packages\django\shortcuts.py", line 36, in render
    content = loader.render_to_string(template_name, context, request, using=using)
  File "C:\Users\LYF\AppData\Local\Programs\Python\Python37\lib\site-packages\django\template\loader.py", line 61, in render_to_string
    template = get_template(template_name, using=using)
  File "C:\Users\LYF\AppData\Local\Programs\Python\Python37\lib\site-packages\django\template\loader.py", line 15, in get_template
    return engine.get_template(template_name)
  File "C:\Users\LYF\AppData\Local\Programs\Python\Python37\lib\site-packages\django\template\backends\django.py", line 34, in get_template
    return Template(self.engine.get_template(template_name), self)
  File "C:\Users\LYF\AppData\Local\Programs\Python\Python37\lib\site-packages\django\template\engine.py", line 144, in get_template
    template, origin = self.find_template(template_name)
  File "C:\Users\LYF\AppData\Local\Programs\Python\Python37\lib\site-packages\django\template\engine.py", line 126, in find_template
    template = loader.get_template(name, skip=skip)
  File "C:\Users\LYF\AppData\Local\Programs\Python\Python37\lib\site-packages\django\template\loaders\base.py", line 30, in get_template
    contents, origin, origin.template_name, self.engine,
  File "C:\Users\LYF\AppData\Local\Programs\Python\Python37\lib\site-packages\django\template\base.py", line 160, in __init__
    self.nodelist = self.compile_nodelist()
  File "C:\Users\LYF\AppData\Local\Programs\Python\Python37\lib\site-packages\django\template\base.py", line 198, in compile_nodelist
    return parser.parse()
  File "C:\Users\LYF\AppData\Local\Programs\Python\Python37\lib\site-packages\django\template\base.py", line 483, in parse
    raise self.error(token, e)
  File "C:\Users\LYF\AppData\Local\Programs\Python\Python37\lib\site-packages\django\template\base.py", line 481, in parse
    compiled_result = compile_func(self, token)
  File "C:\Users\LYF\AppData\Local\Programs\Python\Python37\lib\site-packages\django\template\defaulttags.py", line 815, in do_for
    nodelist_loop = parser.parse(('empty', 'endfor',))
  File "C:\Users\LYF\AppData\Local\Programs\Python\Python37\lib\site-packages\django\template\base.py", line 488, in parse
    self.unclosed_block_tag(parse_until)
  File "C:\Users\LYF\AppData\Local\Programs\Python\Python37\lib\site-packages\django\template\base.py", line 549, in unclosed_block_tag
    raise self.error(token, msg)
django.template.exceptions.TemplateSyntaxError: Unclosed tag on line 93: 'for'. Looking for one of: empty, endfor.
2018-05-28 02:24:59,650 [Thread-8:400] [django.request:118] [exception:handle_uncaught_exception] [ERROR]- Internal Server Error: /AI
Traceback (most recent call last):
  File "C:\Users\LYF\AppData\Local\Programs\Python\Python37\lib\site-packages\django\core\handlers\exception.py", line 35, in inner
    response = get_response(request)
  File "C:\Users\LYF\AppData\Local\Programs\Python\Python37\lib\site-packages\django\core\handlers\base.py", line 128, in _get_response
    response = self.process_exception_by_middleware(e, request)
  File "C:\Users\LYF\AppData\Local\Programs\Python\Python37\lib\site-packages\django\core\handlers\base.py", line 126, in _get_response
    response = wrapped_callback(request, *callback_args, **callback_kwargs)
  File "F:\Code\blog_projecttest1\blog\views.py", line 40, in AI
    return render(request,'Ai.html',locals())
  File "C:\Users\LYF\AppData\Local\Programs\Python\Python37\lib\site-packages\django\shortcuts.py", line 36, in render
    content = loader.render_to_string(template_name, context, request, using=using)
  File "C:\Users\LYF\AppData\Local\Programs\Python\Python37\lib\site-packages\django\template\loader.py", line 61, in render_to_string
    template = get_template(template_name, using=using)
  File "C:\Users\LYF\AppData\Local\Programs\Python\Python37\lib\site-packages\django\template\loader.py", line 15, in get_template
    return engine.get_template(template_name)
  File "C:\Users\LYF\AppData\Local\Programs\Python\Python37\lib\site-packages\django\template\backends\django.py", line 34, in get_template
    return Template(self.engine.get_template(template_name), self)
  File "C:\Users\LYF\AppData\Local\Programs\Python\Python37\lib\site-packages\django\template\engine.py", line 144, in get_template
    template, origin = self.find_template(template_name)
  File "C:\Users\LYF\AppData\Local\Programs\Python\Python37\lib\site-packages\django\template\engine.py", line 126, in find_template
    template = loader.get_template(name, skip=skip)
  File "C:\Users\LYF\AppData\Local\Programs\Python\Python37\lib\site-packages\django\template\loaders\base.py", line 30, in get_template
    contents, origin, origin.template_name, self.engine,
  File "C:\Users\LYF\AppData\Local\Programs\Python\Python37\lib\site-packages\django\template\base.py", line 160, in __init__
    self.nodelist = self.compile_nodelist()
  File "C:\Users\LYF\AppData\Local\Programs\Python\Python37\lib\site-packages\django\template\base.py", line 198, in compile_nodelist
    return parser.parse()
  File "C:\Users\LYF\AppData\Local\Programs\Python\Python37\lib\site-packages\django\template\base.py", line 483, in parse
    raise self.error(token, e)
  File "C:\Users\LYF\AppData\Local\Programs\Python\Python37\lib\site-packages\django\template\base.py", line 481, in parse
    compiled_result = compile_func(self, token)
  File "C:\Users\LYF\AppData\Local\Programs\Python\Python37\lib\site-packages\django\template\defaulttags.py", line 815, in do_for
    nodelist_loop = parser.parse(('empty', 'endfor',))
  File "C:\Users\LYF\AppData\Local\Programs\Python\Python37\lib\site-packages\django\template\base.py", line 488, in parse
    self.unclosed_block_tag(parse_until)
  File "C:\Users\LYF\AppData\Local\Programs\Python\Python37\lib\site-packages\django\template\base.py", line 549, in unclosed_block_tag
    raise self.error(token, msg)
django.template.exceptions.TemplateSyntaxError: Unclosed tag on line 93: 'for'. Looking for one of: empty, endfor.
2018-05-28 02:38:22,551 [Thread-2:3228] [django.request:93] [base:get_response] [WARNING]- Not Found: /database
2018-05-28 02:44:48,105 [Thread-2:4244] [django.request:93] [base:get_response] [WARNING]- Not Found: /frontend
2018-05-28 11:42:19,734 [Thread-5:2080] [django.request:93] [base:get_response] [WARNING]- Not Found: /favicon.ico
2018-05-28 14:40:46,555 [Thread-27:3852] [django.request:118] [exception:handle_uncaught_exception] [ERROR]- Internal Server Error: /AI
Traceback (most recent call last):
  File "C:\Users\LYF\AppData\Local\Programs\Python\Python37\lib\site-packages\django\core\handlers\exception.py", line 35, in inner
    response = get_response(request)
  File "C:\Users\LYF\AppData\Local\Programs\Python\Python37\lib\site-packages\django\core\handlers\base.py", line 128, in _get_response
    response = self.process_exception_by_middleware(e, request)
  File "C:\Users\LYF\AppData\Local\Programs\Python\Python37\lib\site-packages\django\core\handlers\base.py", line 126, in _get_response
    response = wrapped_callback(request, *callback_args, **callback_kwargs)
  File "F:\Code\blog_projecttest1\blog\views.py", line 40, in AI
    return render(request,'Ai.html',locals())
  File "C:\Users\LYF\AppData\Local\Programs\Python\Python37\lib\site-packages\django\shortcuts.py", line 36, in render
    content = loader.render_to_string(template_name, context, request, using=using)
  File "C:\Users\LYF\AppData\Local\Programs\Python\Python37\lib\site-packages\django\template\loader.py", line 62, in render_to_string
    return template.render(context, request)
  File "C:\Users\LYF\AppData\Local\Programs\Python\Python37\lib\site-packages\django\template\backends\django.py", line 61, in render
    return self.template.render(context)
  File "C:\Users\LYF\AppData\Local\Programs\Python\Python37\lib\site-packages\django\template\base.py", line 175, in render
    return self._render(context)
  File "C:\Users\LYF\AppData\Local\Programs\Python\Python37\lib\site-packages\django\template\base.py", line 167, in _render
    return self.nodelist.render(context)
  File "C:\Users\LYF\AppData\Local\Programs\Python\Python37\lib\site-packages\django\template\base.py", line 943, in render
    bit = node.render_annotated(context)
  File "C:\Users\LYF\AppData\Local\Programs\Python\Python37\lib\site-packages\django\template\base.py", line 910, in render_annotated
    return self.render(context)
  File "C:\Users\LYF\AppData\Local\Programs\Python\Python37\lib\site-packages\django\template\defaulttags.py", line 168, in render
    len_values = len(values)
  File "C:\Users\LYF\AppData\Local\Programs\Python\Python37\lib\site-packages\django\core\paginator.py", line 141, in __len__
    return len(self.object_list)
  File "C:\Users\LYF\AppData\Local\Programs\Python\Python37\lib\site-packages\django\db\models\query.py", line 254, in __len__
    self._fetch_all()
  File "C:\Users\LYF\AppData\Local\Programs\Python\Python37\lib\site-packages\django\db\models\query.py", line 1179, in _fetch_all
    self._result_cache = list(self._iterable_class(self))
  File "C:\Users\LYF\AppData\Local\Programs\Python\Python37\lib\site-packages\django\db\models\query.py", line 62, in __iter__
    for row in compiler.results_iter(results):
  File "C:\Users\LYF\AppData\Local\Programs\Python\Python37\lib\site-packages\django\db\models\sql\compiler.py", line 1007, in apply_converters
    value = converter(value, expression, connection)
  File "C:\Users\LYF\AppData\Local\Programs\Python\Python37\lib\site-packages\django\db\backends\mysql\operations.py", line 247, in convert_datetimefield_value
    value = timezone.make_aware(value, self.connection.timezone)
  File "C:\Users\LYF\AppData\Local\Programs\Python\Python37\lib\site-packages\django\utils\timezone.py", line 269, in make_aware
    return timezone.localize(value, is_dst=is_dst)
  File "C:\Users\LYF\AppData\Local\Programs\Python\Python37\lib\site-packages\pytz\__init__.py", line 225, in localize
    if dt.tzinfo is not None:
AttributeError: 'str' object has no attribute 'tzinfo'
2018-05-28 14:41:19,688 [Thread-30:4052] [django.request:118] [exception:handle_uncaught_exception] [ERROR]- Internal Server Error: /AI
Traceback (most recent call last):
  File "C:\Users\LYF\AppData\Local\Programs\Python\Python37\lib\site-packages\django\core\handlers\exception.py", line 35, in inner
    response = get_response(request)
  File "C:\Users\LYF\AppData\Local\Programs\Python\Python37\lib\site-packages\django\core\handlers\base.py", line 128, in _get_response
    response = self.process_exception_by_middleware(e, request)
  File "C:\Users\LYF\AppData\Local\Programs\Python\Python37\lib\site-packages\django\core\handlers\base.py", line 126, in _get_response
    response = wrapped_callback(request, *callback_args, **callback_kwargs)
  File "F:\Code\blog_projecttest1\blog\views.py", line 40, in AI
    return render(request,'Ai.html',locals())
  File "C:\Users\LYF\AppData\Local\Programs\Python\Python37\lib\site-packages\django\shortcuts.py", line 36, in render
    content = loader.render_to_string(template_name, context, request, using=using)
  File "C:\Users\LYF\AppData\Local\Programs\Python\Python37\lib\site-packages\django\template\loader.py", line 62, in render_to_string
    return template.render(context, request)
  File "C:\Users\LYF\AppData\Local\Programs\Python\Python37\lib\site-packages\django\template\backends\django.py", line 61, in render
    return self.template.render(context)
  File "C:\Users\LYF\AppData\Local\Programs\Python\Python37\lib\site-packages\django\template\base.py", line 175, in render
    return self._render(context)
  File "C:\Users\LYF\AppData\Local\Programs\Python\Python37\lib\site-packages\django\template\base.py", line 167, in _render
    return self.nodelist.render(context)
  File "C:\Users\LYF\AppData\Local\Programs\Python\Python37\lib\site-packages\django\template\base.py", line 943, in render
    bit = node.render_annotated(context)
  File "C:\Users\LYF\AppData\Local\Programs\Python\Python37\lib\site-packages\django\template\base.py", line 910, in render_annotated
    return self.render(context)
  File "C:\Users\LYF\AppData\Local\Programs\Python\Python37\lib\site-packages\django\template\defaulttags.py", line 168, in render
    len_values = len(values)
  File "C:\Users\LYF\AppData\Local\Programs\Python\Python37\lib\site-packages\django\core\paginator.py", line 141, in __len__
    return len(self.object_list)
  File "C:\Users\LYF\AppData\Local\Programs\Python\Python37\lib\site-packages\django\db\models\query.py", line 254, in __len__
    self._fetch_all()
  File "C:\Users\LYF\AppData\Local\Programs\Python\Python37\lib\site-packages\django\db\models\query.py", line 1179, in _fetch_all
    self._result_cache = list(self._iterable_class(self))
  File "C:\Users\LYF\AppData\Local\Programs\Python\Python37\lib\site-packages\django\db\models\query.py", line 62, in __iter__
    for row in compiler.results_iter(results):
  File "C:\Users\LYF\AppData\Local\Programs\Python\Python37\lib\site-packages\django\db\models\sql\compiler.py", line 1007, in apply_converters
    value = converter(value, expression, connection)
  File "C:\Users\LYF\AppData\Local\Programs\Python\Python37\lib\site-packages\django\db\backends\mysql\operations.py", line 247, in convert_datetimefield_value
    value = timezone.make_aware(value, self.connection.timezone)
  File "C:\Users\LYF\AppData\Local\Programs\Python\Python37\lib\site-packages\django\utils\timezone.py", line 269, in make_aware
    return timezone.localize(value, is_dst=is_dst)
  File "C:\Users\LYF\AppData\Local\Programs\Python\Python37\lib\site-packages\pytz\__init__.py", line 225, in localize
    if dt.tzinfo is not None:
AttributeError: 'str' object has no attribute 'tzinfo'
2018-05-28 14:41:24,804 [Thread-32:3228] [django.request:118] [exception:handle_uncaught_exception] [ERROR]- Internal Server Error: /AI
Traceback (most recent call last):
  File "C:\Users\LYF\AppData\Local\Programs\Python\Python37\lib\site-packages\django\core\handlers\exception.py", line 35, in inner
    response = get_response(request)
  File "C:\Users\LYF\AppData\Local\Programs\Python\Python37\lib\site-packages\django\core\handlers\base.py", line 128, in _get_response
    response = self.process_exception_by_middleware(e, request)
  File "C:\Users\LYF\AppData\Local\Programs\Python\Python37\lib\site-packages\django\core\handlers\base.py", line 126, in _get_response
    response = wrapped_callback(request, *callback_args, **callback_kwargs)
  File "F:\Code\blog_projecttest1\blog\views.py", line 40, in AI
    return render(request,'Ai.html',locals())
  File "C:\Users\LYF\AppData\Local\Programs\Python\Python37\lib\site-packages\django\shortcuts.py", line 36, in render
    content = loader.render_to_string(template_name, context, request, using=using)
  File "C:\Users\LYF\AppData\Local\Programs\Python\Python37\lib\site-packages\django\template\loader.py", line 62, in render_to_string
    return template.render(context, request)
  File "C:\Users\LYF\AppData\Local\Programs\Python\Python37\lib\site-packages\django\template\backends\django.py", line 61, in render
    return self.template.render(context)
  File "C:\Users\LYF\AppData\Local\Programs\Python\Python37\lib\site-packages\django\template\base.py", line 175, in render
    return self._render(context)
  File "C:\Users\LYF\AppData\Local\Programs\Python\Python37\lib\site-packages\django\template\base.py", line 167, in _render
    return self.nodelist.render(context)
  File "C:\Users\LYF\AppData\Local\Programs\Python\Python37\lib\site-packages\django\template\base.py", line 943, in render
    bit = node.render_annotated(context)
  File "C:\Users\LYF\AppData\Local\Programs\Python\Python37\lib\site-packages\django\template\base.py", line 910, in render_annotated
    return self.render(context)
  File "C:\Users\LYF\AppData\Local\Programs\Python\Python37\lib\site-packages\django\template\defaulttags.py", line 168, in render
    len_values = len(values)
  File "C:\Users\LYF\AppData\Local\Programs\Python\Python37\lib\site-packages\django\core\paginator.py", line 141, in __len__
    return len(self.object_list)
  File "C:\Users\LYF\AppData\Local\Programs\Python\Python37\lib\site-packages\django\db\models\query.py", line 254, in __len__
    self._fetch_all()
  File "C:\Users\LYF\AppData\Local\Programs\Python\Python37\lib\site-packages\django\db\models\query.py", line 1179, in _fetch_all
    self._result_cache = list(self._iterable_class(self))
  File "C:\Users\LYF\AppData\Local\Programs\Python\Python37\lib\site-packages\django\db\models\query.py", line 62, in __iter__
    for row in compiler.results_iter(results):
  File "C:\Users\LYF\AppData\Local\Programs\Python\Python37\lib\site-packages\django\db\models\sql\compiler.py", line 1007, in apply_converters
    value = converter(value, expression, connection)
  File "C:\Users\LYF\AppData\Local\Programs\Python\Python37\lib\site-packages\django\db\backends\mysql\operations.py", line 247, in convert_datetimefield_value
    value = timezone.make_aware(value, self.connection.timezone)
  File "C:\Users\LYF\AppData\Local\Programs\Python\Python37\lib\site-packages\django\utils\timezone.py", line 269, in make_aware
    return timezone.localize(value, is_dst=is_dst)
  File "C:\Users\LYF\AppData\Local\Programs\Python\Python37\lib\site-packages\pytz\__init__.py", line 225, in localize
    if dt.tzinfo is not None:
AttributeError: 'str' object has no attribute 'tzinfo'
2018-05-28 14:41:32,845 [Thread-33:388] [django.request:118] [exception:handle_uncaught_exception] [ERROR]- Internal Server Error: /AI
Traceback (most recent call last):
  File "C:\Users\LYF\AppData\Local\Programs\Python\Python37\lib\site-packages\django\core\handlers\exception.py", line 35, in inner
    response = get_response(request)
  File "C:\Users\LYF\AppData\Local\Programs\Python\Python37\lib\site-packages\django\core\handlers\base.py", line 128, in _get_response
    response = self.process_exception_by_middleware(e, request)
  File "C:\Users\LYF\AppData\Local\Programs\Python\Python37\lib\site-packages\django\core\handlers\base.py", line 126, in _get_response
    response = wrapped_callback(request, *callback_args, **callback_kwargs)
  File "F:\Code\blog_projecttest1\blog\views.py", line 40, in AI
    return render(request,'Ai.html',locals())
  File "C:\Users\LYF\AppData\Local\Programs\Python\Python37\lib\site-packages\django\shortcuts.py", line 36, in render
    content = loader.render_to_string(template_name, context, request, using=using)
  File "C:\Users\LYF\AppData\Local\Programs\Python\Python37\lib\site-packages\django\template\loader.py", line 62, in render_to_string
    return template.render(context, request)
  File "C:\Users\LYF\AppData\Local\Programs\Python\Python37\lib\site-packages\django\template\backends\django.py", line 61, in render
    return self.template.render(context)
  File "C:\Users\LYF\AppData\Local\Programs\Python\Python37\lib\site-packages\django\template\base.py", line 175, in render
    return self._render(context)
  File "C:\Users\LYF\AppData\Local\Programs\Python\Python37\lib\site-packages\django\template\base.py", line 167, in _render
    return self.nodelist.render(context)
  File "C:\Users\LYF\AppData\Local\Programs\Python\Python37\lib\site-packages\django\template\base.py", line 943, in render
    bit = node.render_annotated(context)
  File "C:\Users\LYF\AppData\Local\Programs\Python\Python37\lib\site-packages\django\template\base.py", line 910, in render_annotated
    return self.render(context)
  File "C:\Users\LYF\AppData\Local\Programs\Python\Python37\lib\site-packages\django\template\defaulttags.py", line 168, in render
    len_values = len(values)
  File "C:\Users\LYF\AppData\Local\Programs\Python\Python37\lib\site-packages\django\core\paginator.py", line 141, in __len__
    return len(self.object_list)
  File "C:\Users\LYF\AppData\Local\Programs\Python\Python37\lib\site-packages\django\db\models\query.py", line 254, in __len__
    self._fetch_all()
  File "C:\Users\LYF\AppData\Local\Programs\Python\Python37\lib\site-packages\django\db\models\query.py", line 1179, in _fetch_all
    self._result_cache = list(self._iterable_class(self))
  File "C:\Users\LYF\AppData\Local\Programs\Python\Python37\lib\site-packages\django\db\models\query.py", line 62, in __iter__
    for row in compiler.results_iter(results):
  File "C:\Users\LYF\AppData\Local\Programs\Python\Python37\lib\site-packages\django\db\models\sql\compiler.py", line 1007, in apply_converters
    value = converter(value, expression, connection)
  File "C:\Users\LYF\AppData\Local\Programs\Python\Python37\lib\site-packages\django\db\backends\mysql\operations.py", line 247, in convert_datetimefield_value
    value = timezone.make_aware(value, self.connection.timezone)
  File "C:\Users\LYF\AppData\Local\Programs\Python\Python37\lib\site-packages\django\utils\timezone.py", line 269, in make_aware
    return timezone.localize(value, is_dst=is_dst)
  File "C:\Users\LYF\AppData\Local\Programs\Python\Python37\lib\site-packages\pytz\__init__.py", line 225, in localize
    if dt.tzinfo is not None:
AttributeError: 'str' object has no attribute 'tzinfo'
2018-05-28 14:42:28,695 [Thread-35:2488] [django.request:118] [exception:handle_uncaught_exception] [ERROR]- Internal Server Error: /AI
Traceback (most recent call last):
  File "C:\Users\LYF\AppData\Local\Programs\Python\Python37\lib\site-packages\django\core\handlers\exception.py", line 35, in inner
    response = get_response(request)
  File "C:\Users\LYF\AppData\Local\Programs\Python\Python37\lib\site-packages\django\core\handlers\base.py", line 128, in _get_response
    response = self.process_exception_by_middleware(e, request)
  File "C:\Users\LYF\AppData\Local\Programs\Python\Python37\lib\site-packages\django\core\handlers\base.py", line 126, in _get_response
    response = wrapped_callback(request, *callback_args, **callback_kwargs)
  File "F:\Code\blog_projecttest1\blog\views.py", line 40, in AI
    return render(request,'Ai.html',locals())
  File "C:\Users\LYF\AppData\Local\Programs\Python\Python37\lib\site-packages\django\shortcuts.py", line 36, in render
    content = loader.render_to_string(template_name, context, request, using=using)
  File "C:\Users\LYF\AppData\Local\Programs\Python\Python37\lib\site-packages\django\template\loader.py", line 62, in render_to_string
    return template.render(context, request)
  File "C:\Users\LYF\AppData\Local\Programs\Python\Python37\lib\site-packages\django\template\backends\django.py", line 61, in render
    return self.template.render(context)
  File "C:\Users\LYF\AppData\Local\Programs\Python\Python37\lib\site-packages\django\template\base.py", line 175, in render
    return self._render(context)
  File "C:\Users\LYF\AppData\Local\Programs\Python\Python37\lib\site-packages\django\template\base.py", line 167, in _render
    return self.nodelist.render(context)
  File "C:\Users\LYF\AppData\Local\Programs\Python\Python37\lib\site-packages\django\template\base.py", line 943, in render
    bit = node.render_annotated(context)
  File "C:\Users\LYF\AppData\Local\Programs\Python\Python37\lib\site-packages\django\template\base.py", line 910, in render_annotated
    return self.render(context)
  File "C:\Users\LYF\AppData\Local\Programs\Python\Python37\lib\site-packages\django\template\defaulttags.py", line 168, in render
    len_values = len(values)
  File "C:\Users\LYF\AppData\Local\Programs\Python\Python37\lib\site-packages\django\core\paginator.py", line 141, in __len__
    return len(self.object_list)
  File "C:\Users\LYF\AppData\Local\Programs\Python\Python37\lib\site-packages\django\db\models\query.py", line 254, in __len__
    self._fetch_all()
  File "C:\Users\LYF\AppData\Local\Programs\Python\Python37\lib\site-packages\django\db\models\query.py", line 1179, in _fetch_all
    self._result_cache = list(self._iterable_class(self))
  File "C:\Users\LYF\AppData\Local\Programs\Python\Python37\lib\site-packages\django\db\models\query.py", line 62, in __iter__
    for row in compiler.results_iter(results):
  File "C:\Users\LYF\AppData\Local\Programs\Python\Python37\lib\site-packages\django\db\models\sql\compiler.py", line 1007, in apply_converters
    value = converter(value, expression, connection)
  File "C:\Users\LYF\AppData\Local\Programs\Python\Python37\lib\site-packages\django\db\backends\mysql\operations.py", line 247, in convert_datetimefield_value
    value = timezone.make_aware(value, self.connection.timezone)
  File "C:\Users\LYF\AppData\Local\Programs\Python\Python37\lib\site-packages\django\utils\timezone.py", line 269, in make_aware
    return timezone.localize(value, is_dst=is_dst)
  File "C:\Users\LYF\AppData\Local\Programs\Python\Python37\lib\site-packages\pytz\__init__.py", line 225, in localize
    if dt.tzinfo is not None:
AttributeError: 'str' object has no attribute 'tzinfo'
2018-05-28 14:42:52,224 [Thread-38:4464] [django.request:118] [exception:handle_uncaught_exception] [ERROR]- Internal Server Error: /AI
Traceback (most recent call last):
  File "C:\Users\LYF\AppData\Local\Programs\Python\Python37\lib\site-packages\django\core\handlers\exception.py", line 35, in inner
    response = get_response(request)
  File "C:\Users\LYF\AppData\Local\Programs\Python\Python37\lib\site-packages\django\core\handlers\base.py", line 128, in _get_response
    response = self.process_exception_by_middleware(e, request)
  File "C:\Users\LYF\AppData\Local\Programs\Python\Python37\lib\site-packages\django\core\handlers\base.py", line 126, in _get_response
    response = wrapped_callback(request, *callback_args, **callback_kwargs)
  File "F:\Code\blog_projecttest1\blog\views.py", line 40, in AI
    return render(request,'Ai.html',locals())
  File "C:\Users\LYF\AppData\Local\Programs\Python\Python37\lib\site-packages\django\shortcuts.py", line 36, in render
    content = loader.render_to_string(template_name, context, request, using=using)
  File "C:\Users\LYF\AppData\Local\Programs\Python\Python37\lib\site-packages\django\template\loader.py", line 62, in render_to_string
    return template.render(context, request)
  File "C:\Users\LYF\AppData\Local\Programs\Python\Python37\lib\site-packages\django\template\backends\django.py", line 61, in render
    return self.template.render(context)
  File "C:\Users\LYF\AppData\Local\Programs\Python\Python37\lib\site-packages\django\template\base.py", line 175, in render
    return self._render(context)
  File "C:\Users\LYF\AppData\Local\Programs\Python\Python37\lib\site-packages\django\template\base.py", line 167, in _render
    return self.nodelist.render(context)
  File "C:\Users\LYF\AppData\Local\Programs\Python\Python37\lib\site-packages\django\template\base.py", line 943, in render
    bit = node.render_annotated(context)
  File "C:\Users\LYF\AppData\Local\Programs\Python\Python37\lib\site-packages\django\template\base.py", line 910, in render_annotated
    return self.render(context)
  File "C:\Users\LYF\AppData\Local\Programs\Python\Python37\lib\site-packages\django\template\defaulttags.py", line 168, in render
    len_values = len(values)
  File "C:\Users\LYF\AppData\Local\Programs\Python\Python37\lib\site-packages\django\core\paginator.py", line 141, in __len__
    return len(self.object_list)
  File "C:\Users\LYF\AppData\Local\Programs\Python\Python37\lib\site-packages\django\db\models\query.py", line 254, in __len__
    self._fetch_all()
  File "C:\Users\LYF\AppData\Local\Programs\Python\Python37\lib\site-packages\django\db\models\query.py", line 1179, in _fetch_all
    self._result_cache = list(self._iterable_class(self))
  File "C:\Users\LYF\AppData\Local\Programs\Python\Python37\lib\site-packages\django\db\models\query.py", line 62, in __iter__
    for row in compiler.results_iter(results):
  File "C:\Users\LYF\AppData\Local\Programs\Python\Python37\lib\site-packages\django\db\models\sql\compiler.py", line 1007, in apply_converters
    value = converter(value, expression, connection)
  File "C:\Users\LYF\AppData\Local\Programs\Python\Python37\lib\site-packages\django\db\backends\mysql\operations.py", line 247, in convert_datetimefield_value
    value = timezone.make_aware(value, self.connection.timezone)
  File "C:\Users\LYF\AppData\Local\Programs\Python\Python37\lib\site-packages\django\utils\timezone.py", line 269, in make_aware
    return timezone.localize(value, is_dst=is_dst)
  File "C:\Users\LYF\AppData\Local\Programs\Python\Python37\lib\site-packages\pytz\__init__.py", line 225, in localize
    if dt.tzinfo is not None:
AttributeError: 'str' object has no attribute 'tzinfo'
2018-05-28 14:44:50,976 [Thread-4:5392] [django.request:118] [exception:handle_uncaught_exception] [ERROR]- Internal Server Error: /AI
Traceback (most recent call last):
  File "C:\Users\LYF\AppData\Local\Programs\Python\Python37\lib\site-packages\django\core\handlers\exception.py", line 35, in inner
    response = get_response(request)
  File "C:\Users\LYF\AppData\Local\Programs\Python\Python37\lib\site-packages\django\core\handlers\base.py", line 128, in _get_response
    response = self.process_exception_by_middleware(e, request)
  File "C:\Users\LYF\AppData\Local\Programs\Python\Python37\lib\site-packages\django\core\handlers\base.py", line 126, in _get_response
    response = wrapped_callback(request, *callback_args, **callback_kwargs)
  File "F:\Code\blog_projecttest1\blog\views.py", line 40, in AI
    return render(request,'Ai.html',locals())
  File "C:\Users\LYF\AppData\Local\Programs\Python\Python37\lib\site-packages\django\shortcuts.py", line 36, in render
    content = loader.render_to_string(template_name, context, request, using=using)
  File "C:\Users\LYF\AppData\Local\Programs\Python\Python37\lib\site-packages\django\template\loader.py", line 62, in render_to_string
    return template.render(context, request)
  File "C:\Users\LYF\AppData\Local\Programs\Python\Python37\lib\site-packages\django\template\backends\django.py", line 61, in render
    return self.template.render(context)
  File "C:\Users\LYF\AppData\Local\Programs\Python\Python37\lib\site-packages\django\template\base.py", line 175, in render
    return self._render(context)
  File "C:\Users\LYF\AppData\Local\Programs\Python\Python37\lib\site-packages\django\template\base.py", line 167, in _render
    return self.nodelist.render(context)
  File "C:\Users\LYF\AppData\Local\Programs\Python\Python37\lib\site-packages\django\template\base.py", line 943, in render
    bit = node.render_annotated(context)
  File "C:\Users\LYF\AppData\Local\Programs\Python\Python37\lib\site-packages\django\template\base.py", line 910, in render_annotated
    return self.render(context)
  File "C:\Users\LYF\AppData\Local\Programs\Python\Python37\lib\site-packages\django\template\defaulttags.py", line 168, in render
    len_values = len(values)
  File "C:\Users\LYF\AppData\Local\Programs\Python\Python37\lib\site-packages\django\core\paginator.py", line 141, in __len__
    return len(self.object_list)
  File "C:\Users\LYF\AppData\Local\Programs\Python\Python37\lib\site-packages\django\db\models\query.py", line 254, in __len__
    self._fetch_all()
  File "C:\Users\LYF\AppData\Local\Programs\Python\Python37\lib\site-packages\django\db\models\query.py", line 1179, in _fetch_all
    self._result_cache = list(self._iterable_class(self))
  File "C:\Users\LYF\AppData\Local\Programs\Python\Python37\lib\site-packages\django\db\models\query.py", line 62, in __iter__
    for row in compiler.results_iter(results):
  File "C:\Users\LYF\AppData\Local\Programs\Python\Python37\lib\site-packages\django\db\models\sql\compiler.py", line 1007, in apply_converters
    value = converter(value, expression, connection)
  File "C:\Users\LYF\AppData\Local\Programs\Python\Python37\lib\site-packages\django\db\backends\mysql\operations.py", line 247, in convert_datetimefield_value
    value = timezone.make_aware(value, self.connection.timezone)
  File "C:\Users\LYF\AppData\Local\Programs\Python\Python37\lib\site-packages\django\utils\timezone.py", line 269, in make_aware
    return timezone.localize(value, is_dst=is_dst)
  File "C:\Users\LYF\AppData\Local\Programs\Python\Python37\lib\site-packages\pytz\__init__.py", line 225, in localize
    if dt.tzinfo is not None:
AttributeError: 'str' object has no attribute 'tzinfo'
2018-05-28 14:45:37,980 [Thread-6:2852] [django.request:118] [exception:handle_uncaught_exception] [ERROR]- Internal Server Error: /AI
Traceback (most recent call last):
  File "C:\Users\LYF\AppData\Local\Programs\Python\Python37\lib\site-packages\django\core\handlers\exception.py", line 35, in inner
    response = get_response(request)
  File "C:\Users\LYF\AppData\Local\Programs\Python\Python37\lib\site-packages\django\core\handlers\base.py", line 128, in _get_response
    response = self.process_exception_by_middleware(e, request)
  File "C:\Users\LYF\AppData\Local\Programs\Python\Python37\lib\site-packages\django\core\handlers\base.py", line 126, in _get_response
    response = wrapped_callback(request, *callback_args, **callback_kwargs)
  File "F:\Code\blog_projecttest1\blog\views.py", line 40, in AI
    return render(request,'Ai.html',locals())
  File "C:\Users\LYF\AppData\Local\Programs\Python\Python37\lib\site-packages\django\shortcuts.py", line 36, in render
    content = loader.render_to_string(template_name, context, request, using=using)
  File "C:\Users\LYF\AppData\Local\Programs\Python\Python37\lib\site-packages\django\template\loader.py", line 62, in render_to_string
    return template.render(context, request)
  File "C:\Users\LYF\AppData\Local\Programs\Python\Python37\lib\site-packages\django\template\backends\django.py", line 61, in render
    return self.template.render(context)
  File "C:\Users\LYF\AppData\Local\Programs\Python\Python37\lib\site-packages\django\template\base.py", line 175, in render
    return self._render(context)
  File "C:\Users\LYF\AppData\Local\Programs\Python\Python37\lib\site-packages\django\template\base.py", line 167, in _render
    return self.nodelist.render(context)
  File "C:\Users\LYF\AppData\Local\Programs\Python\Python37\lib\site-packages\django\template\base.py", line 943, in render
    bit = node.render_annotated(context)
  File "C:\Users\LYF\AppData\Local\Programs\Python\Python37\lib\site-packages\django\template\base.py", line 910, in render_annotated
    return self.render(context)
  File "C:\Users\LYF\AppData\Local\Programs\Python\Python37\lib\site-packages\django\template\defaulttags.py", line 168, in render
    len_values = len(values)
  File "C:\Users\LYF\AppData\Local\Programs\Python\Python37\lib\site-packages\django\core\paginator.py", line 141, in __len__
    return len(self.object_list)
  File "C:\Users\LYF\AppData\Local\Programs\Python\Python37\lib\site-packages\django\db\models\query.py", line 254, in __len__
    self._fetch_all()
  File "C:\Users\LYF\AppData\Local\Programs\Python\Python37\lib\site-packages\django\db\models\query.py", line 1179, in _fetch_all
    self._result_cache = list(self._iterable_class(self))
  File "C:\Users\LYF\AppData\Local\Programs\Python\Python37\lib\site-packages\django\db\models\query.py", line 62, in __iter__
    for row in compiler.results_iter(results):
  File "C:\Users\LYF\AppData\Local\Programs\Python\Python37\lib\site-packages\django\db\models\sql\compiler.py", line 1007, in apply_converters
    value = converter(value, expression, connection)
  File "C:\Users\LYF\AppData\Local\Programs\Python\Python37\lib\site-packages\django\db\backends\mysql\operations.py", line 247, in convert_datetimefield_value
    value = timezone.make_aware(value, self.connection.timezone)
  File "C:\Users\LYF\AppData\Local\Programs\Python\Python37\lib\site-packages\django\utils\timezone.py", line 269, in make_aware
    return timezone.localize(value, is_dst=is_dst)
  File "C:\Users\LYF\AppData\Local\Programs\Python\Python37\lib\site-packages\pytz\__init__.py", line 225, in localize
    if dt.tzinfo is not None:
AttributeError: 'str' object has no attribute 'tzinfo'
2018-05-28 14:45:52,783 [Thread-14:1884] [django.request:118] [exception:handle_uncaught_exception] [ERROR]- Internal Server Error: /AI
Traceback (most recent call last):
  File "C:\Users\LYF\AppData\Local\Programs\Python\Python37\lib\site-packages\django\core\handlers\exception.py", line 35, in inner
    response = get_response(request)
  File "C:\Users\LYF\AppData\Local\Programs\Python\Python37\lib\site-packages\django\core\handlers\base.py", line 128, in _get_response
    response = self.process_exception_by_middleware(e, request)
  File "C:\Users\LYF\AppData\Local\Programs\Python\Python37\lib\site-packages\django\core\handlers\base.py", line 126, in _get_response
    response = wrapped_callback(request, *callback_args, **callback_kwargs)
  File "F:\Code\blog_projecttest1\blog\views.py", line 40, in AI
    return render(request,'Ai.html',locals())
  File "C:\Users\LYF\AppData\Local\Programs\Python\Python37\lib\site-packages\django\shortcuts.py", line 36, in render
    content = loader.render_to_string(template_name, context, request, using=using)
  File "C:\Users\LYF\AppData\Local\Programs\Python\Python37\lib\site-packages\django\template\loader.py", line 62, in render_to_string
    return template.render(context, request)
  File "C:\Users\LYF\AppData\Local\Programs\Python\Python37\lib\site-packages\django\template\backends\django.py", line 61, in render
    return self.template.render(context)
  File "C:\Users\LYF\AppData\Local\Programs\Python\Python37\lib\site-packages\django\template\base.py", line 175, in render
    return self._render(context)
  File "C:\Users\LYF\AppData\Local\Programs\Python\Python37\lib\site-packages\django\template\base.py", line 167, in _render
    return self.nodelist.render(context)
  File "C:\Users\LYF\AppData\Local\Programs\Python\Python37\lib\site-packages\django\template\base.py", line 943, in render
    bit = node.render_annotated(context)
  File "C:\Users\LYF\AppData\Local\Programs\Python\Python37\lib\site-packages\django\template\base.py", line 910, in render_annotated
    return self.render(context)
  File "C:\Users\LYF\AppData\Local\Programs\Python\Python37\lib\site-packages\django\template\defaulttags.py", line 168, in render
    len_values = len(values)
  File "C:\Users\LYF\AppData\Local\Programs\Python\Python37\lib\site-packages\django\core\paginator.py", line 141, in __len__
    return len(self.object_list)
  File "C:\Users\LYF\AppData\Local\Programs\Python\Python37\lib\site-packages\django\db\models\query.py", line 254, in __len__
    self._fetch_all()
  File "C:\Users\LYF\AppData\Local\Programs\Python\Python37\lib\site-packages\django\db\models\query.py", line 1179, in _fetch_all
    self._result_cache = list(self._iterable_class(self))
  File "C:\Users\LYF\AppData\Local\Programs\Python\Python37\lib\site-packages\django\db\models\query.py", line 62, in __iter__
    for row in compiler.results_iter(results):
  File "C:\Users\LYF\AppData\Local\Programs\Python\Python37\lib\site-packages\django\db\models\sql\compiler.py", line 1007, in apply_converters
    value = converter(value, expression, connection)
  File "C:\Users\LYF\AppData\Local\Programs\Python\Python37\lib\site-packages\django\db\backends\mysql\operations.py", line 247, in convert_datetimefield_value
    value = timezone.make_aware(value, self.connection.timezone)
  File "C:\Users\LYF\AppData\Local\Programs\Python\Python37\lib\site-packages\django\utils\timezone.py", line 269, in make_aware
    return timezone.localize(value, is_dst=is_dst)
  File "C:\Users\LYF\AppData\Local\Programs\Python\Python37\lib\site-packages\pytz\__init__.py", line 225, in localize
    if dt.tzinfo is not None:
AttributeError: 'str' object has no attribute 'tzinfo'
2018-05-28 14:52:02,397 [Thread-11:2668] [django.request:93] [base:get_response] [WARNING]- Not Found: /
2018-05-28 14:53:34,881 [Thread-17:1748] [django.request:93] [base:get_response] [WARNING]- Not Found: /
2018-05-28 14:54:43,196 [Thread-21:5056] [django.request:93] [base:get_response] [WARNING]- Not Found: /
2018-05-28 22:57:53,542 [Thread-18:5340] [django.request:93] [base:get_response] [WARNING]- Not Found: /
2018-05-29 00:10:20,940 [Thread-3:1032] [django.request:93] [base:get_response] [WARNING]- Not Found: /favicon.ico
2018-05-29 00:56:54,208 [Thread-2:5748] [django.request:118] [exception:handle_uncaught_exception] [ERROR]- Internal Server Error: /manage
Traceback (most recent call last):
  File "C:\Users\LYF\AppData\Local\Programs\Python\Python37\lib\site-packages\django\core\handlers\exception.py", line 35, in inner
    response = get_response(request)
  File "C:\Users\LYF\AppData\Local\Programs\Python\Python37\lib\site-packages\django\core\handlers\base.py", line 128, in _get_response
    response = self.process_exception_by_middleware(e, request)
  File "C:\Users\LYF\AppData\Local\Programs\Python\Python37\lib\site-packages\django\core\handlers\base.py", line 126, in _get_response
    response = wrapped_callback(request, *callback_args, **callback_kwargs)
  File "F:\Code\blog_projecttest1\blog\views.py", line 95, in Manage
    return render(request,'manage.html',locals())
  File "C:\Users\LYF\AppData\Local\Programs\Python\Python37\lib\site-packages\django\shortcuts.py", line 36, in render
    content = loader.render_to_string(template_name, context, request, using=using)
  File "C:\Users\LYF\AppData\Local\Programs\Python\Python37\lib\site-packages\django\template\loader.py", line 62, in render_to_string
    return template.render(context, request)
  File "C:\Users\LYF\AppData\Local\Programs\Python\Python37\lib\site-packages\django\template\backends\django.py", line 61, in render
    return self.template.render(context)
  File "C:\Users\LYF\AppData\Local\Programs\Python\Python37\lib\site-packages\django\template\base.py", line 175, in render
    return self._render(context)
  File "C:\Users\LYF\AppData\Local\Programs\Python\Python37\lib\site-packages\django\template\base.py", line 167, in _render
    return self.nodelist.render(context)
  File "C:\Users\LYF\AppData\Local\Programs\Python\Python37\lib\site-packages\django\template\base.py", line 943, in render
    bit = node.render_annotated(context)
  File "C:\Users\LYF\AppData\Local\Programs\Python\Python37\lib\site-packages\django\template\base.py", line 910, in render_annotated
    return self.render(context)
  File "C:\Users\LYF\AppData\Local\Programs\Python\Python37\lib\site-packages\django\template\loader_tags.py", line 182, in render
    template = context.template.engine.get_template(template_name)
  File "C:\Users\LYF\AppData\Local\Programs\Python\Python37\lib\site-packages\django\template\engine.py", line 144, in get_template
    template, origin = self.find_template(template_name)
  File "C:\Users\LYF\AppData\Local\Programs\Python\Python37\lib\site-packages\django\template\engine.py", line 126, in find_template
    template = loader.get_template(name, skip=skip)
  File "C:\Users\LYF\AppData\Local\Programs\Python\Python37\lib\site-packages\django\template\loaders\base.py", line 30, in get_template
    contents, origin, origin.template_name, self.engine,
  File "C:\Users\LYF\AppData\Local\Programs\Python\Python37\lib\site-packages\django\template\base.py", line 160, in __init__
    self.nodelist = self.compile_nodelist()
  File "C:\Users\LYF\AppData\Local\Programs\Python\Python37\lib\site-packages\django\template\base.py", line 198, in compile_nodelist
    return parser.parse()
  File "C:\Users\LYF\AppData\Local\Programs\Python\Python37\lib\site-packages\django\template\base.py", line 483, in parse
    raise self.error(token, e)
  File "C:\Users\LYF\AppData\Local\Programs\Python\Python37\lib\site-packages\django\template\base.py", line 481, in parse
    compiled_result = compile_func(self, token)
  File "C:\Users\LYF\AppData\Local\Programs\Python\Python37\lib\site-packages\django\template\defaulttags.py", line 815, in do_for
    nodelist_loop = parser.parse(('empty', 'endfor',))
  File "C:\Users\LYF\AppData\Local\Programs\Python\Python37\lib\site-packages\django\template\base.py", line 488, in parse
    self.unclosed_block_tag(parse_until)
  File "C:\Users\LYF\AppData\Local\Programs\Python\Python37\lib\site-packages\django\template\base.py", line 549, in unclosed_block_tag
    raise self.error(token, msg)
django.template.exceptions.TemplateSyntaxError: Unclosed tag on line 13: 'for'. Looking for one of: empty, endfor.
2018-05-29 01:19:06,685 [Thread-3:420] [django.request:118] [exception:handle_uncaught_exception] [ERROR]- Internal Server Error: /admin/blog/csdnrecommend/
Traceback (most recent call last):
  File "C:\Users\LYF\AppData\Local\Programs\Python\Python37\lib\site-packages\django\db\backends\utils.py", line 85, in _execute
    return self.cursor.execute(sql, params)
  File "C:\Users\LYF\AppData\Local\Programs\Python\Python37\lib\site-packages\django\db\backends\mysql\base.py", line 71, in execute
    return self.cursor.execute(query, args)
  File "C:\Users\LYF\AppData\Local\Programs\Python\Python37\lib\site-packages\pymysql\cursors.py", line 170, in execute
    result = self._query(query)
  File "C:\Users\LYF\AppData\Local\Programs\Python\Python37\lib\site-packages\pymysql\cursors.py", line 328, in _query
    conn.query(q)
  File "C:\Users\LYF\AppData\Local\Programs\Python\Python37\lib\site-packages\pymysql\connections.py", line 893, in query
    self._affected_rows = self._read_query_result(unbuffered=unbuffered)
  File "C:\Users\LYF\AppData\Local\Programs\Python\Python37\lib\site-packages\pymysql\connections.py", line 1103, in _read_query_result
    result.read()
  File "C:\Users\LYF\AppData\Local\Programs\Python\Python37\lib\site-packages\pymysql\connections.py", line 1396, in read
    first_packet = self.connection._read_packet()
  File "C:\Users\LYF\AppData\Local\Programs\Python\Python37\lib\site-packages\pymysql\connections.py", line 1059, in _read_packet
    packet.check_error()
  File "C:\Users\LYF\AppData\Local\Programs\Python\Python37\lib\site-packages\pymysql\connections.py", line 384, in check_error
    err.raise_mysql_exception(self._data)
  File "C:\Users\LYF\AppData\Local\Programs\Python\Python37\lib\site-packages\pymysql\err.py", line 109, in raise_mysql_exception
    raise errorclass(errno, errval)
pymysql.err.ProgrammingError: (1146, "Table 'datablog.blog_csdnrecommend' doesn't exist")

The above exception was the direct cause of the following exception:

Traceback (most recent call last):
  File "C:\Users\LYF\AppData\Local\Programs\Python\Python37\lib\site-packages\django\core\handlers\exception.py", line 35, in inner
    response = get_response(request)
  File "C:\Users\LYF\AppData\Local\Programs\Python\Python37\lib\site-packages\django\core\handlers\base.py", line 128, in _get_response
    response = self.process_exception_by_middleware(e, request)
  File "C:\Users\LYF\AppData\Local\Programs\Python\Python37\lib\site-packages\django\core\handlers\base.py", line 126, in _get_response
    response = wrapped_callback(request, *callback_args, **callback_kwargs)
  File "C:\Users\LYF\AppData\Local\Programs\Python\Python37\lib\site-packages\django\contrib\admin\options.py", line 574, in wrapper
    return self.admin_site.admin_view(view)(*args, **kwargs)
  File "C:\Users\LYF\AppData\Local\Programs\Python\Python37\lib\site-packages\django\utils\decorators.py", line 142, in _wrapped_view
    response = view_func(request, *args, **kwargs)
  File "C:\Users\LYF\AppData\Local\Programs\Python\Python37\lib\site-packages\django\views\decorators\cache.py", line 44, in _wrapped_view_func
    response = view_func(request, *args, **kwargs)
  File "C:\Users\LYF\AppData\Local\Programs\Python\Python37\lib\site-packages\django\contrib\admin\sites.py", line 223, in inner
    return view(request, *args, **kwargs)
  File "C:\Users\LYF\AppData\Local\Programs\Python\Python37\lib\site-packages\django\utils\decorators.py", line 62, in _wrapper
    return bound_func(*args, **kwargs)
  File "C:\Users\LYF\AppData\Local\Programs\Python\Python37\lib\site-packages\django\utils\decorators.py", line 142, in _wrapped_view
    response = view_func(request, *args, **kwargs)
  File "C:\Users\LYF\AppData\Local\Programs\Python\Python37\lib\site-packages\django\utils\decorators.py", line 58, in bound_func
    return func.__get__(self, type(self))(*args2, **kwargs2)
  File "C:\Users\LYF\AppData\Local\Programs\Python\Python37\lib\site-packages\django\contrib\admin\options.py", line 1570, in changelist_view
    cl = self.get_changelist_instance(request)
  File "C:\Users\LYF\AppData\Local\Programs\Python\Python37\lib\site-packages\django\contrib\admin\options.py", line 705, in get_changelist_instance
    self,
  File "C:\Users\LYF\AppData\Local\Programs\Python\Python37\lib\site-packages\django\contrib\admin\views\main.py", line 77, in __init__
    self.get_results(request)
  File "C:\Users\LYF\AppData\Local\Programs\Python\Python37\lib\site-packages\django\contrib\admin\views\main.py", line 175, in get_results
    result_count = paginator.count
  File "C:\Users\LYF\AppData\Local\Programs\Python\Python37\lib\site-packages\django\utils\functional.py", line 36, in __get__
    res = instance.__dict__[self.name] = self.func(instance)
  File "C:\Users\LYF\AppData\Local\Programs\Python\Python37\lib\site-packages\django\core\paginator.py", line 85, in count
    return self.object_list.count()
  File "C:\Users\LYF\AppData\Local\Programs\Python\Python37\lib\site-packages\django\db\models\query.py", line 387, in count
    return self.query.get_count(using=self.db)
  File "C:\Users\LYF\AppData\Local\Programs\Python\Python37\lib\site-packages\django\db\models\sql\query.py", line 491, in get_count
    number = obj.get_aggregation(using, ['__count'])['__count']
  File "C:\Users\LYF\AppData\Local\Programs\Python\Python37\lib\site-packages\django\db\models\sql\query.py", line 476, in get_aggregation
    result = compiler.execute_sql(SINGLE)
  File "C:\Users\LYF\AppData\Local\Programs\Python\Python37\lib\site-packages\django\db\models\sql\compiler.py", line 1064, in execute_sql
    cursor.execute(sql, params)
  File "C:\Users\LYF\AppData\Local\Programs\Python\Python37\lib\site-packages\django\db\backends\utils.py", line 100, in execute
    return super().execute(sql, params)
  File "C:\Users\LYF\AppData\Local\Programs\Python\Python37\lib\site-packages\django\db\backends\utils.py", line 68, in execute
    return self._execute_with_wrappers(sql, params, many=False, executor=self._execute)
  File "C:\Users\LYF\AppData\Local\Programs\Python\Python37\lib\site-packages\django\db\backends\utils.py", line 77, in _execute_with_wrappers
    return executor(sql, params, many, context)
  File "C:\Users\LYF\AppData\Local\Programs\Python\Python37\lib\site-packages\django\db\backends\utils.py", line 85, in _execute
    return self.cursor.execute(sql, params)
  File "C:\Users\LYF\AppData\Local\Programs\Python\Python37\lib\site-packages\django\db\utils.py", line 89, in __exit__
    raise dj_exc_value.with_traceback(traceback) from exc_value
  File "C:\Users\LYF\AppData\Local\Programs\Python\Python37\lib\site-packages\django\db\backends\utils.py", line 85, in _execute
    return self.cursor.execute(sql, params)
  File "C:\Users\LYF\AppData\Local\Programs\Python\Python37\lib\site-packages\django\db\backends\mysql\base.py", line 71, in execute
    return self.cursor.execute(query, args)
  File "C:\Users\LYF\AppData\Local\Programs\Python\Python37\lib\site-packages\pymysql\cursors.py", line 170, in execute
    result = self._query(query)
  File "C:\Users\LYF\AppData\Local\Programs\Python\Python37\lib\site-packages\pymysql\cursors.py", line 328, in _query
    conn.query(q)
  File "C:\Users\LYF\AppData\Local\Programs\Python\Python37\lib\site-packages\pymysql\connections.py", line 893, in query
    self._affected_rows = self._read_query_result(unbuffered=unbuffered)
  File "C:\Users\LYF\AppData\Local\Programs\Python\Python37\lib\site-packages\pymysql\connections.py", line 1103, in _read_query_result
    result.read()
  File "C:\Users\LYF\AppData\Local\Programs\Python\Python37\lib\site-packages\pymysql\connections.py", line 1396, in read
    first_packet = self.connection._read_packet()
  File "C:\Users\LYF\AppData\Local\Programs\Python\Python37\lib\site-packages\pymysql\connections.py", line 1059, in _read_packet
    packet.check_error()
  File "C:\Users\LYF\AppData\Local\Programs\Python\Python37\lib\site-packages\pymysql\connections.py", line 384, in check_error
    err.raise_mysql_exception(self._data)
  File "C:\Users\LYF\AppData\Local\Programs\Python\Python37\lib\site-packages\pymysql\err.py", line 109, in raise_mysql_exception
    raise errorclass(errno, errval)
django.db.utils.ProgrammingError: (1146, "Table 'datablog.blog_csdnrecommend' doesn't exist")
2018-05-29 01:20:03,995 [Thread-19:3656] [django.request:118] [exception:handle_uncaught_exception] [ERROR]- Internal Server Error: /admin/blog/csdnrecommend/
Traceback (most recent call last):
  File "C:\Users\LYF\AppData\Local\Programs\Python\Python37\lib\site-packages\django\db\backends\utils.py", line 85, in _execute
    return self.cursor.execute(sql, params)
  File "C:\Users\LYF\AppData\Local\Programs\Python\Python37\lib\site-packages\django\db\backends\mysql\base.py", line 71, in execute
    return self.cursor.execute(query, args)
  File "C:\Users\LYF\AppData\Local\Programs\Python\Python37\lib\site-packages\pymysql\cursors.py", line 170, in execute
    result = self._query(query)
  File "C:\Users\LYF\AppData\Local\Programs\Python\Python37\lib\site-packages\pymysql\cursors.py", line 328, in _query
    conn.query(q)
  File "C:\Users\LYF\AppData\Local\Programs\Python\Python37\lib\site-packages\pymysql\connections.py", line 893, in query
    self._affected_rows = self._read_query_result(unbuffered=unbuffered)
  File "C:\Users\LYF\AppData\Local\Programs\Python\Python37\lib\site-packages\pymysql\connections.py", line 1103, in _read_query_result
    result.read()
  File "C:\Users\LYF\AppData\Local\Programs\Python\Python37\lib\site-packages\pymysql\connections.py", line 1396, in read
    first_packet = self.connection._read_packet()
  File "C:\Users\LYF\AppData\Local\Programs\Python\Python37\lib\site-packages\pymysql\connections.py", line 1059, in _read_packet
    packet.check_error()
  File "C:\Users\LYF\AppData\Local\Programs\Python\Python37\lib\site-packages\pymysql\connections.py", line 384, in check_error
    err.raise_mysql_exception(self._data)
  File "C:\Users\LYF\AppData\Local\Programs\Python\Python37\lib\site-packages\pymysql\err.py", line 109, in raise_mysql_exception
    raise errorclass(errno, errval)
pymysql.err.ProgrammingError: (1146, "Table 'datablog.blog_csdnrecommend' doesn't exist")

The above exception was the direct cause of the following exception:

Traceback (most recent call last):
  File "C:\Users\LYF\AppData\Local\Programs\Python\Python37\lib\site-packages\django\core\handlers\exception.py", line 35, in inner
    response = get_response(request)
  File "C:\Users\LYF\AppData\Local\Programs\Python\Python37\lib\site-packages\django\core\handlers\base.py", line 128, in _get_response
    response = self.process_exception_by_middleware(e, request)
  File "C:\Users\LYF\AppData\Local\Programs\Python\Python37\lib\site-packages\django\core\handlers\base.py", line 126, in _get_response
    response = wrapped_callback(request, *callback_args, **callback_kwargs)
  File "C:\Users\LYF\AppData\Local\Programs\Python\Python37\lib\site-packages\django\contrib\admin\options.py", line 574, in wrapper
    return self.admin_site.admin_view(view)(*args, **kwargs)
  File "C:\Users\LYF\AppData\Local\Programs\Python\Python37\lib\site-packages\django\utils\decorators.py", line 142, in _wrapped_view
    response = view_func(request, *args, **kwargs)
  File "C:\Users\LYF\AppData\Local\Programs\Python\Python37\lib\site-packages\django\views\decorators\cache.py", line 44, in _wrapped_view_func
    response = view_func(request, *args, **kwargs)
  File "C:\Users\LYF\AppData\Local\Programs\Python\Python37\lib\site-packages\django\contrib\admin\sites.py", line 223, in inner
    return view(request, *args, **kwargs)
  File "C:\Users\LYF\AppData\Local\Programs\Python\Python37\lib\site-packages\django\utils\decorators.py", line 62, in _wrapper
    return bound_func(*args, **kwargs)
  File "C:\Users\LYF\AppData\Local\Programs\Python\Python37\lib\site-packages\django\utils\decorators.py", line 142, in _wrapped_view
    response = view_func(request, *args, **kwargs)
  File "C:\Users\LYF\AppData\Local\Programs\Python\Python37\lib\site-packages\django\utils\decorators.py", line 58, in bound_func
    return func.__get__(self, type(self))(*args2, **kwargs2)
  File "C:\Users\LYF\AppData\Local\Programs\Python\Python37\lib\site-packages\django\contrib\admin\options.py", line 1570, in changelist_view
    cl = self.get_changelist_instance(request)
  File "C:\Users\LYF\AppData\Local\Programs\Python\Python37\lib\site-packages\django\contrib\admin\options.py", line 705, in get_changelist_instance
    self,
  File "C:\Users\LYF\AppData\Local\Programs\Python\Python37\lib\site-packages\django\contrib\admin\views\main.py", line 77, in __init__
    self.get_results(request)
  File "C:\Users\LYF\AppData\Local\Programs\Python\Python37\lib\site-packages\django\contrib\admin\views\main.py", line 175, in get_results
    result_count = paginator.count
  File "C:\Users\LYF\AppData\Local\Programs\Python\Python37\lib\site-packages\django\utils\functional.py", line 36, in __get__
    res = instance.__dict__[self.name] = self.func(instance)
  File "C:\Users\LYF\AppData\Local\Programs\Python\Python37\lib\site-packages\django\core\paginator.py", line 85, in count
    return self.object_list.count()
  File "C:\Users\LYF\AppData\Local\Programs\Python\Python37\lib\site-packages\django\db\models\query.py", line 387, in count
    return self.query.get_count(using=self.db)
  File "C:\Users\LYF\AppData\Local\Programs\Python\Python37\lib\site-packages\django\db\models\sql\query.py", line 491, in get_count
    number = obj.get_aggregation(using, ['__count'])['__count']
  File "C:\Users\LYF\AppData\Local\Programs\Python\Python37\lib\site-packages\django\db\models\sql\query.py", line 476, in get_aggregation
    result = compiler.execute_sql(SINGLE)
  File "C:\Users\LYF\AppData\Local\Programs\Python\Python37\lib\site-packages\django\db\models\sql\compiler.py", line 1064, in execute_sql
    cursor.execute(sql, params)
  File "C:\Users\LYF\AppData\Local\Programs\Python\Python37\lib\site-packages\django\db\backends\utils.py", line 100, in execute
    return super().execute(sql, params)
  File "C:\Users\LYF\AppData\Local\Programs\Python\Python37\lib\site-packages\django\db\backends\utils.py", line 68, in execute
    return self._execute_with_wrappers(sql, params, many=False, executor=self._execute)
  File "C:\Users\LYF\AppData\Local\Programs\Python\Python37\lib\site-packages\django\db\backends\utils.py", line 77, in _execute_with_wrappers
    return executor(sql, params, many, context)
  File "C:\Users\LYF\AppData\Local\Programs\Python\Python37\lib\site-packages\django\db\backends\utils.py", line 85, in _execute
    return self.cursor.execute(sql, params)
  File "C:\Users\LYF\AppData\Local\Programs\Python\Python37\lib\site-packages\django\db\utils.py", line 89, in __exit__
    raise dj_exc_value.with_traceback(traceback) from exc_value
  File "C:\Users\LYF\AppData\Local\Programs\Python\Python37\lib\site-packages\django\db\backends\utils.py", line 85, in _execute
    return self.cursor.execute(sql, params)
  File "C:\Users\LYF\AppData\Local\Programs\Python\Python37\lib\site-packages\django\db\backends\mysql\base.py", line 71, in execute
    return self.cursor.execute(query, args)
  File "C:\Users\LYF\AppData\Local\Programs\Python\Python37\lib\site-packages\pymysql\cursors.py", line 170, in execute
    result = self._query(query)
  File "C:\Users\LYF\AppData\Local\Programs\Python\Python37\lib\site-packages\pymysql\cursors.py", line 328, in _query
    conn.query(q)
  File "C:\Users\LYF\AppData\Local\Programs\Python\Python37\lib\site-packages\pymysql\connections.py", line 893, in query
    self._affected_rows = self._read_query_result(unbuffered=unbuffered)
  File "C:\Users\LYF\AppData\Local\Programs\Python\Python37\lib\site-packages\pymysql\connections.py", line 1103, in _read_query_result
    result.read()
  File "C:\Users\LYF\AppData\Local\Programs\Python\Python37\lib\site-packages\pymysql\connections.py", line 1396, in read
    first_packet = self.connection._read_packet()
  File "C:\Users\LYF\AppData\Local\Programs\Python\Python37\lib\site-packages\pymysql\connections.py", line 1059, in _read_packet
    packet.check_error()
  File "C:\Users\LYF\AppData\Local\Programs\Python\Python37\lib\site-packages\pymysql\connections.py", line 384, in check_error
    err.raise_mysql_exception(self._data)
  File "C:\Users\LYF\AppData\Local\Programs\Python\Python37\lib\site-packages\pymysql\err.py", line 109, in raise_mysql_exception
    raise errorclass(errno, errval)
django.db.utils.ProgrammingError: (1146, "Table 'datablog.blog_csdnrecommend' doesn't exist")
2018-05-29 01:21:02,189 [Thread-22:4076] [django.request:118] [exception:handle_uncaught_exception] [ERROR]- Internal Server Error: /admin/blog/funrecommend/
Traceback (most recent call last):
  File "C:\Users\LYF\AppData\Local\Programs\Python\Python37\lib\site-packages\django\db\backends\utils.py", line 85, in _execute
    return self.cursor.execute(sql, params)
  File "C:\Users\LYF\AppData\Local\Programs\Python\Python37\lib\site-packages\django\db\backends\mysql\base.py", line 71, in execute
    return self.cursor.execute(query, args)
  File "C:\Users\LYF\AppData\Local\Programs\Python\Python37\lib\site-packages\pymysql\cursors.py", line 170, in execute
    result = self._query(query)
  File "C:\Users\LYF\AppData\Local\Programs\Python\Python37\lib\site-packages\pymysql\cursors.py", line 328, in _query
    conn.query(q)
  File "C:\Users\LYF\AppData\Local\Programs\Python\Python37\lib\site-packages\pymysql\connections.py", line 893, in query
    self._affected_rows = self._read_query_result(unbuffered=unbuffered)
  File "C:\Users\LYF\AppData\Local\Programs\Python\Python37\lib\site-packages\pymysql\connections.py", line 1103, in _read_query_result
    result.read()
  File "C:\Users\LYF\AppData\Local\Programs\Python\Python37\lib\site-packages\pymysql\connections.py", line 1396, in read
    first_packet = self.connection._read_packet()
  File "C:\Users\LYF\AppData\Local\Programs\Python\Python37\lib\site-packages\pymysql\connections.py", line 1059, in _read_packet
    packet.check_error()
  File "C:\Users\LYF\AppData\Local\Programs\Python\Python37\lib\site-packages\pymysql\connections.py", line 384, in check_error
    err.raise_mysql_exception(self._data)
  File "C:\Users\LYF\AppData\Local\Programs\Python\Python37\lib\site-packages\pymysql\err.py", line 109, in raise_mysql_exception
    raise errorclass(errno, errval)
pymysql.err.ProgrammingError: (1146, "Table 'datablog.blog_funrecommend' doesn't exist")

The above exception was the direct cause of the following exception:

Traceback (most recent call last):
  File "C:\Users\LYF\AppData\Local\Programs\Python\Python37\lib\site-packages\django\core\handlers\exception.py", line 35, in inner
    response = get_response(request)
  File "C:\Users\LYF\AppData\Local\Programs\Python\Python37\lib\site-packages\django\core\handlers\base.py", line 128, in _get_response
    response = self.process_exception_by_middleware(e, request)
  File "C:\Users\LYF\AppData\Local\Programs\Python\Python37\lib\site-packages\django\core\handlers\base.py", line 126, in _get_response
    response = wrapped_callback(request, *callback_args, **callback_kwargs)
  File "C:\Users\LYF\AppData\Local\Programs\Python\Python37\lib\site-packages\django\contrib\admin\options.py", line 574, in wrapper
    return self.admin_site.admin_view(view)(*args, **kwargs)
  File "C:\Users\LYF\AppData\Local\Programs\Python\Python37\lib\site-packages\django\utils\decorators.py", line 142, in _wrapped_view
    response = view_func(request, *args, **kwargs)
  File "C:\Users\LYF\AppData\Local\Programs\Python\Python37\lib\site-packages\django\views\decorators\cache.py", line 44, in _wrapped_view_func
    response = view_func(request, *args, **kwargs)
  File "C:\Users\LYF\AppData\Local\Programs\Python\Python37\lib\site-packages\django\contrib\admin\sites.py", line 223, in inner
    return view(request, *args, **kwargs)
  File "C:\Users\LYF\AppData\Local\Programs\Python\Python37\lib\site-packages\django\utils\decorators.py", line 62, in _wrapper
    return bound_func(*args, **kwargs)
  File "C:\Users\LYF\AppData\Local\Programs\Python\Python37\lib\site-packages\django\utils\decorators.py", line 142, in _wrapped_view
    response = view_func(request, *args, **kwargs)
  File "C:\Users\LYF\AppData\Local\Programs\Python\Python37\lib\site-packages\django\utils\decorators.py", line 58, in bound_func
    return func.__get__(self, type(self))(*args2, **kwargs2)
  File "C:\Users\LYF\AppData\Local\Programs\Python\Python37\lib\site-packages\django\contrib\admin\options.py", line 1570, in changelist_view
    cl = self.get_changelist_instance(request)
  File "C:\Users\LYF\AppData\Local\Programs\Python\Python37\lib\site-packages\django\contrib\admin\options.py", line 705, in get_changelist_instance
    self,
  File "C:\Users\LYF\AppData\Local\Programs\Python\Python37\lib\site-packages\django\contrib\admin\views\main.py", line 77, in __init__
    self.get_results(request)
  File "C:\Users\LYF\AppData\Local\Programs\Python\Python37\lib\site-packages\django\contrib\admin\views\main.py", line 175, in get_results
    result_count = paginator.count
  File "C:\Users\LYF\AppData\Local\Programs\Python\Python37\lib\site-packages\django\utils\functional.py", line 36, in __get__
    res = instance.__dict__[self.name] = self.func(instance)
  File "C:\Users\LYF\AppData\Local\Programs\Python\Python37\lib\site-packages\django\core\paginator.py", line 85, in count
    return self.object_list.count()
  File "C:\Users\LYF\AppData\Local\Programs\Python\Python37\lib\site-packages\django\db\models\query.py", line 387, in count
    return self.query.get_count(using=self.db)
  File "C:\Users\LYF\AppData\Local\Programs\Python\Python37\lib\site-packages\django\db\models\sql\query.py", line 491, in get_count
    number = obj.get_aggregation(using, ['__count'])['__count']
  File "C:\Users\LYF\AppData\Local\Programs\Python\Python37\lib\site-packages\django\db\models\sql\query.py", line 476, in get_aggregation
    result = compiler.execute_sql(SINGLE)
  File "C:\Users\LYF\AppData\Local\Programs\Python\Python37\lib\site-packages\django\db\models\sql\compiler.py", line 1064, in execute_sql
    cursor.execute(sql, params)
  File "C:\Users\LYF\AppData\Local\Programs\Python\Python37\lib\site-packages\django\db\backends\utils.py", line 100, in execute
    return super().execute(sql, params)
  File "C:\Users\LYF\AppData\Local\Programs\Python\Python37\lib\site-packages\django\db\backends\utils.py", line 68, in execute
    return self._execute_with_wrappers(sql, params, many=False, executor=self._execute)
  File "C:\Users\LYF\AppData\Local\Programs\Python\Python37\lib\site-packages\django\db\backends\utils.py", line 77, in _execute_with_wrappers
    return executor(sql, params, many, context)
  File "C:\Users\LYF\AppData\Local\Programs\Python\Python37\lib\site-packages\django\db\backends\utils.py", line 85, in _execute
    return self.cursor.execute(sql, params)
  File "C:\Users\LYF\AppData\Local\Programs\Python\Python37\lib\site-packages\django\db\utils.py", line 89, in __exit__
    raise dj_exc_value.with_traceback(traceback) from exc_value
  File "C:\Users\LYF\AppData\Local\Programs\Python\Python37\lib\site-packages\django\db\backends\utils.py", line 85, in _execute
    return self.cursor.execute(sql, params)
  File "C:\Users\LYF\AppData\Local\Programs\Python\Python37\lib\site-packages\django\db\backends\mysql\base.py", line 71, in execute
    return self.cursor.execute(query, args)
  File "C:\Users\LYF\AppData\Local\Programs\Python\Python37\lib\site-packages\pymysql\cursors.py", line 170, in execute
    result = self._query(query)
  File "C:\Users\LYF\AppData\Local\Programs\Python\Python37\lib\site-packages\pymysql\cursors.py", line 328, in _query
    conn.query(q)
  File "C:\Users\LYF\AppData\Local\Programs\Python\Python37\lib\site-packages\pymysql\connections.py", line 893, in query
    self._affected_rows = self._read_query_result(unbuffered=unbuffered)
  File "C:\Users\LYF\AppData\Local\Programs\Python\Python37\lib\site-packages\pymysql\connections.py", line 1103, in _read_query_result
    result.read()
  File "C:\Users\LYF\AppData\Local\Programs\Python\Python37\lib\site-packages\pymysql\connections.py", line 1396, in read
    first_packet = self.connection._read_packet()
  File "C:\Users\LYF\AppData\Local\Programs\Python\Python37\lib\site-packages\pymysql\connections.py", line 1059, in _read_packet
    packet.check_error()
  File "C:\Users\LYF\AppData\Local\Programs\Python\Python37\lib\site-packages\pymysql\connections.py", line 384, in check_error
    err.raise_mysql_exception(self._data)
  File "C:\Users\LYF\AppData\Local\Programs\Python\Python37\lib\site-packages\pymysql\err.py", line 109, in raise_mysql_exception
    raise errorclass(errno, errval)
django.db.utils.ProgrammingError: (1146, "Table 'datablog.blog_funrecommend' doesn't exist")
2018-05-29 15:12:54,975 [Thread-21:5820] [django.request:93] [base:get_response] [WARNING]- Not Found: /favicon.ico
2018-05-29 15:18:17,478 [Thread-62:3036] [django.request:93] [base:get_response] [WARNING]- Not Found: /
2018-05-29 15:23:06,310 [Thread-254:4112] [django.request:93] [base:get_response] [WARNING]- Not Found: /
2018-05-29 15:23:10,395 [Thread-273:2684] [django.request:93] [base:get_response] [WARNING]- Not Found: /
2018-05-29 15:36:42,736 [Thread-402:1472] [django.request:93] [base:get_response] [WARNING]- Not Found: /
2018-05-29 15:40:40,673 [Thread-426:3816] [django.request:93] [base:get_response] [WARNING]- Not Found: /
2018-05-29 15:41:32,409 [Thread-432:680] [django.request:93] [base:get_response] [WARNING]- Not Found: /
2018-05-29 16:42:12,931 [Thread-2:4220] [django.request:118] [exception:handle_uncaught_exception] [ERROR]- Internal Server Error: /index
Traceback (most recent call last):
  File "C:\Users\LYF\AppData\Local\Programs\Python\Python37\lib\site-packages\django\core\handlers\exception.py", line 35, in inner
    response = get_response(request)
  File "C:\Users\LYF\AppData\Local\Programs\Python\Python37\lib\site-packages\django\core\handlers\base.py", line 128, in _get_response
    response = self.process_exception_by_middleware(e, request)
  File "C:\Users\LYF\AppData\Local\Programs\Python\Python37\lib\site-packages\django\core\handlers\base.py", line 126, in _get_response
    response = wrapped_callback(request, *callback_args, **callback_kwargs)
  File "F:\Code\blog_projecttest1\blog\views.py", line 38, in index
    return render(request,'index.html',locals())
  File "C:\Users\LYF\AppData\Local\Programs\Python\Python37\lib\site-packages\django\shortcuts.py", line 36, in render
    content = loader.render_to_string(template_name, context, request, using=using)
  File "C:\Users\LYF\AppData\Local\Programs\Python\Python37\lib\site-packages\django\template\loader.py", line 62, in render_to_string
    return template.render(context, request)
  File "C:\Users\LYF\AppData\Local\Programs\Python\Python37\lib\site-packages\django\template\backends\django.py", line 61, in render
    return self.template.render(context)
  File "C:\Users\LYF\AppData\Local\Programs\Python\Python37\lib\site-packages\django\template\base.py", line 175, in render
    return self._render(context)
  File "C:\Users\LYF\AppData\Local\Programs\Python\Python37\lib\site-packages\django\template\base.py", line 167, in _render
    return self.nodelist.render(context)
  File "C:\Users\LYF\AppData\Local\Programs\Python\Python37\lib\site-packages\django\template\base.py", line 943, in render
    bit = node.render_annotated(context)
  File "C:\Users\LYF\AppData\Local\Programs\Python\Python37\lib\site-packages\django\template\base.py", line 910, in render_annotated
    return self.render(context)
  File "C:\Users\LYF\AppData\Local\Programs\Python\Python37\lib\site-packages\django\template\loader_tags.py", line 155, in render
    return compiled_parent._render(context)
  File "C:\Users\LYF\AppData\Local\Programs\Python\Python37\lib\site-packages\django\template\base.py", line 167, in _render
    return self.nodelist.render(context)
  File "C:\Users\LYF\AppData\Local\Programs\Python\Python37\lib\site-packages\django\template\base.py", line 943, in render
    bit = node.render_annotated(context)
  File "C:\Users\LYF\AppData\Local\Programs\Python\Python37\lib\site-packages\django\template\base.py", line 910, in render_annotated
    return self.render(context)
  File "C:\Users\LYF\AppData\Local\Programs\Python\Python37\lib\site-packages\django\template\loader_tags.py", line 182, in render
    template = context.template.engine.get_template(template_name)
  File "C:\Users\LYF\AppData\Local\Programs\Python\Python37\lib\site-packages\django\template\engine.py", line 144, in get_template
    template, origin = self.find_template(template_name)
  File "C:\Users\LYF\AppData\Local\Programs\Python\Python37\lib\site-packages\django\template\engine.py", line 126, in find_template
    template = loader.get_template(name, skip=skip)
  File "C:\Users\LYF\AppData\Local\Programs\Python\Python37\lib\site-packages\django\template\loaders\base.py", line 30, in get_template
    contents, origin, origin.template_name, self.engine,
  File "C:\Users\LYF\AppData\Local\Programs\Python\Python37\lib\site-packages\django\template\base.py", line 160, in __init__
    self.nodelist = self.compile_nodelist()
  File "C:\Users\LYF\AppData\Local\Programs\Python\Python37\lib\site-packages\django\template\base.py", line 198, in compile_nodelist
    return parser.parse()
  File "C:\Users\LYF\AppData\Local\Programs\Python\Python37\lib\site-packages\django\template\base.py", line 483, in parse
    raise self.error(token, e)
  File "C:\Users\LYF\AppData\Local\Programs\Python\Python37\lib\site-packages\django\template\base.py", line 481, in parse
    compiled_result = compile_func(self, token)
  File "C:\Users\LYF\AppData\Local\Programs\Python\Python37\lib\site-packages\django\template\defaulttags.py", line 815, in do_for
    nodelist_loop = parser.parse(('empty', 'endfor',))
  File "C:\Users\LYF\AppData\Local\Programs\Python\Python37\lib\site-packages\django\template\base.py", line 488, in parse
    self.unclosed_block_tag(parse_until)
  File "C:\Users\LYF\AppData\Local\Programs\Python\Python37\lib\site-packages\django\template\base.py", line 549, in unclosed_block_tag
    raise self.error(token, msg)
django.template.exceptions.TemplateSyntaxError: Unclosed tag on line 32: 'for'. Looking for one of: empty, endfor.
2018-05-29 17:08:52,238 [Thread-37:5288] [django.request:93] [base:get_response] [WARNING]- Not Found: /
2018-05-29 17:08:56,300 [Thread-38:1356] [django.request:93] [base:get_response] [WARNING]- Not Found: /
2018-05-29 18:05:44,486 [Thread-2:7844] [django.request:93] [base:get_response] [WARNING]- Not Found: /
2018-05-29 18:05:46,022 [Thread-3:7860] [django.request:93] [base:get_response] [WARNING]- Not Found: /favicon.ico
2018-05-30 08:08:14,113 [Thread-3:6776] [django.request:93] [base:get_response] [WARNING]- Not Found: /favicon.ico
2018-05-30 15:47:22,050 [Thread-5:7044] [django.request:93] [base:get_response] [WARNING]- Not Found: /favicon.ico
2018-05-30 15:47:47,536 [Thread-10:5864] [django.request:93] [base:get_response] [WARNING]- Not Found: /
2018-05-30 17:01:23,551 [Thread-154:3116] [django.request:93] [base:get_response] [WARNING]- Not Found: /blog/index
2018-05-30 17:18:40,996 [Thread-370:636] [django.request:93] [base:get_response] [WARNING]- Not Found: /
2018-06-05 22:03:38,886 [Thread-21:4920] [django.request:93] [base:get_response] [WARNING]- Not Found: /favicon.ico
2018-06-07 21:56:27,692 [Thread-21:7128] [django.request:93] [base:get_response] [WARNING]- Not Found: /favicon.ico
2018-06-08 00:42:29,117 [Thread-39:6596] [django.request:93] [base:get_response] [WARNING]- Not Found: /favicon.ico
2018-06-08 01:16:51,498 [Thread-101:7128] [django.request:93] [base:get_response] [WARNING]- Not Found: /
2018-06-08 01:17:30,113 [Thread-104:6352] [django.request:93] [base:get_response] [WARNING]- Not Found: /
2018-06-08 01:17:34,801 [Thread-105:2196] [django.request:93] [base:get_response] [WARNING]- Not Found: /
2018-06-08 01:17:52,511 [Thread-106:7768] [django.request:93] [base:get_response] [WARNING]- Not Found: /
2018-06-08 01:25:33,225 [Thread-123:4872] [django.request:93] [base:get_response] [WARNING]- Not Found: /favicon.ico
2018-06-08 01:31:47,385 [Thread-3:7540] [django.request:93] [base:get_response] [WARNING]- Not Found: /favicon.ico
2018-06-08 09:00:12,001 [Thread-3:4852] [django.request:93] [base:get_response] [WARNING]- Not Found: /favicon.ico
